[05/Jan/2020:15:52:39 +0200] 0:0:0:0:0:0:0:1 "GET /user/add-user HTTP/1.1" 200 (2048 ms)
[05/Jan/2020:15:52:59 +0200] 0:0:0:0:0:0:0:1 "POST /user/add HTTP/1.1" 302 (880 ms)
[05/Jan/2020:15:53:00 +0200] 0:0:0:0:0:0:0:1 "GET /user/list HTTP/1.1" 200 (839 ms)
[05/Jan/2020:15:53:07 +0200] 0:0:0:0:0:0:0:1 "GET /user/add-user HTTP/1.1" 200 (20 ms)
[05/Jan/2020:15:53:21 +0200] 0:0:0:0:0:0:0:1 "POST /user/add HTTP/1.1" 302 (20 ms)
[05/Jan/2020:15:53:21 +0200] 0:0:0:0:0:0:0:1 "GET /user/list HTTP/1.1" 200 (24 ms)
[05/Jan/2020:15:54:29 +0200] 0:0:0:0:0:0:0:1 "GET /user/add-user HTTP/1.1" 200 (20 ms)
[05/Jan/2020:15:54:43 +0200] 0:0:0:0:0:0:0:1 "POST /user/add HTTP/1.1" 302 (16 ms)
[05/Jan/2020:15:54:43 +0200] 0:0:0:0:0:0:0:1 "GET /user/list HTTP/1.1" 200 (8 ms)
[05/Jan/2020:16:52:16 +0200] 0:0:0:0:0:0:0:1 "GET /user/add-user HTTP/1.1" 200 (472 ms)
[05/Jan/2020:16:52:30 +0200] 0:0:0:0:0:0:0:1 "POST /user/add HTTP/1.1" 302 (139 ms)
[05/Jan/2020:16:52:30 +0200] 0:0:0:0:0:0:0:1 "GET /user/list HTTP/1.1" 200 (108 ms)
[05/Jan/2020:16:52:42 +0200] 0:0:0:0:0:0:0:1 "GET /user/add-user HTTP/1.1" 200 (16 ms)
[05/Jan/2020:16:53:37 +0200] 0:0:0:0:0:0:0:1 "GET /user HTTP/1.1" 200 (20 ms)
[05/Jan/2020:16:54:08 +0200] 0:0:0:0:0:0:0:1 "GET /user HTTP/1.1" 200 (28 ms)
[05/Jan/2020:16:54:13 +0200] 0:0:0:0:0:0:0:1 "GET /user/add-user HTTP/1.1" 200 (116 ms)
[05/Jan/2020:16:54:30 +0200] 0:0:0:0:0:0:0:1 "POST /user/add HTTP/1.1" 302 (20 ms)
[05/Jan/2020:16:54:30 +0200] 0:0:0:0:0:0:0:1 "GET /user/list HTTP/1.1" 200 (8 ms)
[05/Jan/2020:16:58:22 +0200] 0:0:0:0:0:0:0:1 "GET /user/add-user HTTP/1.1" 200 (448 ms)
[05/Jan/2020:16:58:33 +0200] 0:0:0:0:0:0:0:1 "POST /user/add HTTP/1.1" 302 (284 ms)
[05/Jan/2020:16:58:34 +0200] 0:0:0:0:0:0:0:1 "GET /user/list HTTP/1.1" 200 (332 ms)
[05/Jan/2020:16:58:52 +0200] 0:0:0:0:0:0:0:1 "POST /h2console/query.do?jsessionid=1222663f1f761f3ae918a03917fa8e49 HTTP/1.1" 200 (136 ms)
[05/Jan/2020:16:58:53 +0200] 0:0:0:0:0:0:0:1 "GET /h2console/stylesheet.css HTTP/1.1" 200 (28 ms)
[05/Jan/2020:16:58:53 +0200] 0:0:0:0:0:0:0:1 "GET /h2console/login.jsp?jsessionid=e2c6b3283fa6ae711b955182644c4691 HTTP/1.1" 200 (12 ms)
[05/Jan/2020:16:58:53 +0200] 0:0:0:0:0:0:0:1 "GET /h2console/login.jsp HTTP/1.1" 200 (12 ms)
[05/Jan/2020:16:58:53 +0200] 0:0:0:0:0:0:0:1 "GET /h2console/background.gif HTTP/1.1" 200 (20 ms)
[05/Jan/2020:16:58:53 +0200] 0:0:0:0:0:0:0:1 "GET /h2console/login.jsp?jsessionid=fba5b41d61f5d199de2417d616a01058 HTTP/1.1" 200 (4 ms)
[05/Jan/2020:16:58:58 +0200] 0:0:0:0:0:0:0:1 "POST /h2console/login.do?jsessionid=fba5b41d61f5d199de2417d616a01058 HTTP/1.1" 200 (40 ms)
[05/Jan/2020:16:58:59 +0200] 0:0:0:0:0:0:0:1 "GET /h2console/header.jsp?jsessionid=fba5b41d61f5d199de2417d616a01058 HTTP/1.1" 200 (24 ms)
[05/Jan/2020:16:58:59 +0200] 0:0:0:0:0:0:0:1 "GET /h2console/query.jsp?jsessionid=fba5b41d61f5d199de2417d616a01058 HTTP/1.1" 200 (24 ms)
[05/Jan/2020:16:58:59 +0200] 0:0:0:0:0:0:0:1 "GET /h2console/help.jsp?jsessionid=fba5b41d61f5d199de2417d616a01058 HTTP/1.1" 200 (64 ms)
[05/Jan/2020:16:58:59 +0200] 0:0:0:0:0:0:0:1 "GET /h2console/icon_disconnect.gif HTTP/1.1" 200 (164 ms)
[05/Jan/2020:16:58:59 +0200] 0:0:0:0:0:0:0:1 "GET /h2console/icon_line.gif HTTP/1.1" 200 (32 ms)
[05/Jan/2020:16:58:59 +0200] 0:0:0:0:0:0:0:1 "GET /h2console/icon_run.gif HTTP/1.1" 200 (20 ms)
[05/Jan/2020:16:58:59 +0200] 0:0:0:0:0:0:0:1 "GET /h2console/icon_commit.gif HTTP/1.1" 200 (12 ms)
[05/Jan/2020:16:58:59 +0200] 0:0:0:0:0:0:0:1 "GET /h2console/icon_refresh.gif HTTP/1.1" 200 (48 ms)
[05/Jan/2020:16:58:59 +0200] 0:0:0:0:0:0:0:1 "GET /h2console/icon_stop.gif HTTP/1.1" 200 (4 ms)
[05/Jan/2020:16:58:59 +0200] 0:0:0:0:0:0:0:1 "GET /h2console/icon_rollback.gif HTTP/1.1" 200 (16 ms)
[05/Jan/2020:16:58:59 +0200] 0:0:0:0:0:0:0:1 "GET /h2console/icon_run_selected.gif HTTP/1.1" 200 (8 ms)
[05/Jan/2020:16:58:59 +0200] 0:0:0:0:0:0:0:1 "GET /h2console/icon_help.gif HTTP/1.1" 200 (12 ms)
[05/Jan/2020:16:58:59 +0200] 0:0:0:0:0:0:0:1 "GET /h2console/icon_history.gif HTTP/1.1" 200 (12 ms)
[05/Jan/2020:16:58:59 +0200] 0:0:0:0:0:0:0:1 "GET /h2console/tables.do?jsessionid=fba5b41d61f5d199de2417d616a01058 HTTP/1.1" 200 (696 ms)
[05/Jan/2020:16:59:00 +0200] 0:0:0:0:0:0:0:1 "GET /h2console/tree.js HTTP/1.1" 200 (16 ms)
[05/Jan/2020:16:59:00 +0200] 0:0:0:0:0:0:0:1 "GET /h2console/tree_plus.gif HTTP/1.1" 200 (20 ms)
[05/Jan/2020:16:59:00 +0200] 0:0:0:0:0:0:0:1 "GET /h2console/tree_database.gif HTTP/1.1" 200 (12 ms)
[05/Jan/2020:16:59:00 +0200] 0:0:0:0:0:0:0:1 "GET /h2console/tree_empty.gif HTTP/1.1" 200 (12 ms)
[05/Jan/2020:16:59:00 +0200] 0:0:0:0:0:0:0:1 "GET /h2console/tree_minus.gif HTTP/1.1" 200 (16 ms)
[05/Jan/2020:16:59:00 +0200] 0:0:0:0:0:0:0:1 "GET /h2console/tree_column.gif HTTP/1.1" 200 (12 ms)
[05/Jan/2020:16:59:00 +0200] 0:0:0:0:0:0:0:1 "GET /h2console/tree_index.gif HTTP/1.1" 200 (12 ms)
[05/Jan/2020:16:59:00 +0200] 0:0:0:0:0:0:0:1 "GET /h2console/tree_table.gif HTTP/1.1" 200 (28 ms)
[05/Jan/2020:16:59:00 +0200] 0:0:0:0:0:0:0:1 "GET /h2console/tree_index_az.gif HTTP/1.1" 200 (12 ms)
[05/Jan/2020:16:59:00 +0200] 0:0:0:0:0:0:0:1 "GET /h2console/tree_type.gif HTTP/1.1" 200 (28 ms)
[05/Jan/2020:16:59:00 +0200] 0:0:0:0:0:0:0:1 "GET /h2console/tree_sequences.gif HTTP/1.1" 200 (24 ms)
[05/Jan/2020:16:59:00 +0200] 0:0:0:0:0:0:0:1 "GET /h2console/tree_folder.gif HTTP/1.1" 200 (32 ms)
[05/Jan/2020:16:59:00 +0200] 0:0:0:0:0:0:0:1 "GET /h2console/tree_sequence.gif HTTP/1.1" 200 (40 ms)
[05/Jan/2020:16:59:00 +0200] 0:0:0:0:0:0:0:1 "GET /h2console/tree_users.gif HTTP/1.1" 200 (28 ms)
[05/Jan/2020:16:59:00 +0200] 0:0:0:0:0:0:0:1 "GET /h2console/tree_info.gif HTTP/1.1" 200 (16 ms)
[05/Jan/2020:16:59:00 +0200] 0:0:0:0:0:0:0:1 "GET /h2console/tree_user.gif HTTP/1.1" 200 (32 ms)
[05/Jan/2020:16:59:09 +0200] 0:0:0:0:0:0:0:1 "POST /h2console/query.do?jsessionid=fba5b41d61f5d199de2417d616a01058 HTTP/1.1" 200 (12 ms)
[05/Jan/2020:16:59:09 +0200] 0:0:0:0:0:0:0:1 "GET /h2console/stylesheet.css HTTP/1.1" 304 (8 ms)
[05/Jan/2020:16:59:09 +0200] 0:0:0:0:0:0:0:1 "GET /h2console/table.js HTTP/1.1" 200 (15 ms)
[05/Jan/2020:16:59:43 +0200] 0:0:0:0:0:0:0:1 "GET /user/add-user HTTP/1.1" 200 (16 ms)
[05/Jan/2020:17:00:02 +0200] 0:0:0:0:0:0:0:1 "POST /user/add HTTP/1.1" 302 (12 ms)
[05/Jan/2020:17:00:02 +0200] 0:0:0:0:0:0:0:1 "GET /user/list HTTP/1.1" 200 (12 ms)
[05/Jan/2020:17:00:11 +0200] 0:0:0:0:0:0:0:1 "POST /h2console/query.do?jsessionid=fba5b41d61f5d199de2417d616a01058 HTTP/1.1" 200 (0 ms)
[05/Jan/2020:17:00:11 +0200] 0:0:0:0:0:0:0:1 "GET /h2console/stylesheet.css HTTP/1.1" 304 (4 ms)
[05/Jan/2020:17:00:11 +0200] 0:0:0:0:0:0:0:1 "GET /h2console/table.js HTTP/1.1" 304 (0 ms)
[05/Jan/2020:17:00:11 +0200] 0:0:0:0:0:0:0:1 "GET /h2console/ico_write.gif HTTP/1.1" 200 (0 ms)
[05/Jan/2020:17:00:11 +0200] 0:0:0:0:0:0:0:1 "GET /h2console/ico_remove.gif HTTP/1.1" 200 (8 ms)
[05/Jan/2020:17:00:11 +0200] 0:0:0:0:0:0:0:1 "GET /h2console/ico_add.gif HTTP/1.1" 200 (20 ms)
[05/Jan/2020:17:02:29 +0200] 0:0:0:0:0:0:0:1 "GET /user/add-user HTTP/1.1" 200 (16 ms)
[05/Jan/2020:17:02:42 +0200] 0:0:0:0:0:0:0:1 "POST /user/add HTTP/1.1" 302 (8 ms)
[05/Jan/2020:17:02:42 +0200] 0:0:0:0:0:0:0:1 "GET /user/list HTTP/1.1" 200 (8 ms)
[05/Jan/2020:17:03:09 +0200] 0:0:0:0:0:0:0:1 "GET /user/add-user HTTP/1.1" 200 (423 ms)
[05/Jan/2020:17:03:27 +0200] 0:0:0:0:0:0:0:1 "POST /user/add HTTP/1.1" 302 (212 ms)
[05/Jan/2020:17:03:27 +0200] 0:0:0:0:0:0:0:1 "GET /user/list HTTP/1.1" 200 (16 ms)
[05/Jan/2020:17:05:10 +0200] 0:0:0:0:0:0:0:1 "GET /user/ HTTP/1.1" 200 (48 ms)
[05/Jan/2020:17:05:21 +0200] 0:0:0:0:0:0:0:1 "GET /user HTTP/1.1" 200 (24 ms)
[05/Jan/2020:17:05:31 +0200] 0:0:0:0:0:0:0:1 "GET /category HTTP/1.1" 200 (36 ms)
[05/Jan/2020:17:05:34 +0200] 0:0:0:0:0:0:0:1 "GET /category/add-category HTTP/1.1" 200 (28 ms)
[05/Jan/2020:17:05:46 +0200] 0:0:0:0:0:0:0:1 "POST /category/add HTTP/1.1" 302 (12 ms)
[05/Jan/2020:17:05:46 +0200] 0:0:0:0:0:0:0:1 "GET /category/list HTTP/1.1" 200 (92 ms)
[05/Jan/2020:17:05:52 +0200] 0:0:0:0:0:0:0:1 "GET /category/edit/2 HTTP/1.1" 404 (84 ms)
