[03/Jan/2020:01:34:35 +0200] 0:0:0:0:0:0:0:1 "GET / HTTP/1.1" 302 (876 ms)
[03/Jan/2020:01:34:35 +0200] 0:0:0:0:0:0:0:1 "GET /login HTTP/1.1" 200 (32 ms)
[03/Jan/2020:01:34:36 +0200] 0:0:0:0:0:0:0:1 "GET /favicon.ico HTTP/1.1" 302 (12 ms)
[03/Jan/2020:01:34:36 +0200] 0:0:0:0:0:0:0:1 "GET /login HTTP/1.1" 200 (4 ms)
[03/Jan/2020:01:34:48 +0200] 0:0:0:0:0:0:0:1 "POST /login HTTP/1.1" 302 (148 ms)
[03/Jan/2020:01:34:48 +0200] 0:0:0:0:0:0:0:1 "GET /login?error HTTP/1.1" 200 (20 ms)
[03/Jan/2020:01:34:48 +0200] 0:0:0:0:0:0:0:1 "GET /favicon.ico HTTP/1.1" 302 (4 ms)
[03/Jan/2020:01:34:48 +0200] 0:0:0:0:0:0:0:1 "GET /login HTTP/1.1" 200 (4 ms)
[03/Jan/2020:01:37:18 +0200] 0:0:0:0:0:0:0:1 "POST /login HTTP/1.1" 302 (8 ms)
[03/Jan/2020:01:37:18 +0200] 0:0:0:0:0:0:0:1 "GET /login?error HTTP/1.1" 200 (4 ms)
[03/Jan/2020:01:37:18 +0200] 0:0:0:0:0:0:0:1 "GET /favicon.ico HTTP/1.1" 302 (0 ms)
[03/Jan/2020:01:37:18 +0200] 0:0:0:0:0:0:0:1 "GET /login HTTP/1.1" 200 (4 ms)
[03/Jan/2020:01:38:36 +0200] 0:0:0:0:0:0:0:1 "GET /login?error HTTP/1.1" 200 (4 ms)
[03/Jan/2020:01:38:36 +0200] 0:0:0:0:0:0:0:1 "GET /favicon.ico HTTP/1.1" 302 (8 ms)
[03/Jan/2020:01:38:36 +0200] 0:0:0:0:0:0:0:1 "GET /login HTTP/1.1" 200 (8 ms)
[03/Jan/2020:01:38:52 +0200] 0:0:0:0:0:0:0:1 "GET /user HTTP/1.1" 302 (12 ms)
[03/Jan/2020:01:38:52 +0200] 0:0:0:0:0:0:0:1 "GET /login HTTP/1.1" 200 (4 ms)
[03/Jan/2020:01:38:52 +0200] 0:0:0:0:0:0:0:1 "GET /favicon.ico HTTP/1.1" 302 (8 ms)
[03/Jan/2020:01:38:52 +0200] 0:0:0:0:0:0:0:1 "GET /login HTTP/1.1" 200 (0 ms)
[03/Jan/2020:01:39:37 +0200] 0:0:0:0:0:0:0:1 "GET /login HTTP/1.1" 404 (484 ms)
[03/Jan/2020:01:39:37 +0200] 0:0:0:0:0:0:0:1 "GET /favicon.ico HTTP/1.1" 404 (12 ms)
[03/Jan/2020:01:39:48 +0200] 0:0:0:0:0:0:0:1 "GET /user HTTP/1.1" 200 (12 ms)
[03/Jan/2020:01:40:01 +0200] 0:0:0:0:0:0:0:1 "GET /h2console HTTP/1.1" 302 (72 ms)
[03/Jan/2020:01:40:01 +0200] 0:0:0:0:0:0:0:1 "GET /h2console/ HTTP/1.1" 200 (56 ms)
[03/Jan/2020:01:40:01 +0200] 0:0:0:0:0:0:0:1 "GET /h2console/stylesheet.css HTTP/1.1" 200 (16 ms)
[03/Jan/2020:01:40:01 +0200] 0:0:0:0:0:0:0:1 "GET /h2console/login.jsp?jsessionid=8a576afb4ea5094bca900bf1f551e512 HTTP/1.1" 200 (8 ms)
[03/Jan/2020:01:40:01 +0200] 0:0:0:0:0:0:0:1 "GET /h2console/background.gif HTTP/1.1" 200 (8 ms)
[03/Jan/2020:01:40:15 +0200] 0:0:0:0:0:0:0:1 "POST /h2console/login.do?jsessionid=8a576afb4ea5094bca900bf1f551e512 HTTP/1.1" 200 (12 ms)
[03/Jan/2020:01:40:15 +0200] 0:0:0:0:0:0:0:1 "GET /h2console/stylesheet.css HTTP/1.1" 304 (0 ms)
[03/Jan/2020:01:40:36 +0200] 0:0:0:0:0:0:0:1 "POST /h2console/test.do?jsessionid=8a576afb4ea5094bca900bf1f551e512 HTTP/1.1" 200 (41 ms)
[03/Jan/2020:01:40:36 +0200] 0:0:0:0:0:0:0:1 "GET /h2console/stylesheet.css HTTP/1.1" 304 (4 ms)
[03/Jan/2020:01:44:23 +0200] 0:0:0:0:0:0:0:1 "POST /h2console/test.do?jsessionid=8a576afb4ea5094bca900bf1f551e512 HTTP/1.1" 200 (52 ms)
[03/Jan/2020:01:44:23 +0200] 0:0:0:0:0:0:0:1 "GET /h2console/stylesheet.css HTTP/1.1" 200 (12 ms)
[03/Jan/2020:01:44:23 +0200] 0:0:0:0:0:0:0:1 "GET /h2console/login.jsp?jsessionid=3b0218711f166eba6fe3fd2995257391 HTTP/1.1" 200 (4 ms)
[03/Jan/2020:01:44:23 +0200] 0:0:0:0:0:0:0:1 "GET /h2console/background.gif HTTP/1.1" 200 (8 ms)
[03/Jan/2020:01:44:29 +0200] 0:0:0:0:0:0:0:1 "POST /h2console/test.do?jsessionid=3b0218711f166eba6fe3fd2995257391 HTTP/1.1" 200 (371 ms)
[03/Jan/2020:01:44:36 +0200] 0:0:0:0:0:0:0:1 "POST /h2console/login.do?jsessionid=3b0218711f166eba6fe3fd2995257391 HTTP/1.1" 200 (604 ms)
[03/Jan/2020:01:44:36 +0200] 0:0:0:0:0:0:0:1 "GET /h2console/stylesheet.css HTTP/1.1" 304 (8 ms)
[03/Jan/2020:01:44:45 +0200] 0:0:0:0:0:0:0:1 "POST /h2console/login.do?jsessionid=3b0218711f166eba6fe3fd2995257391 HTTP/1.1" 200 (1023 ms)
[03/Jan/2020:03:24:20 +0200] 0:0:0:0:0:0:0:1 "GET /user HTTP/1.1" 200 (353 ms)
[03/Jan/2020:03:24:20 +0200] 0:0:0:0:0:0:0:1 "GET /favicon.ico HTTP/1.1" 404 (30 ms)
[03/Jan/2020:03:24:32 +0200] 0:0:0:0:0:0:0:1 "GET /h2console HTTP/1.1" 302 (4 ms)
[03/Jan/2020:03:24:32 +0200] 0:0:0:0:0:0:0:1 "GET /h2console/ HTTP/1.1" 200 (3 ms)
[03/Jan/2020:03:24:32 +0200] 0:0:0:0:0:0:0:1 "GET /h2console/stylesheet.css HTTP/1.1" 304 (1 ms)
[03/Jan/2020:03:24:32 +0200] 0:0:0:0:0:0:0:1 "GET /h2console/login.jsp?jsessionid=3a01f01c116ebf188e901c31952859e0 HTTP/1.1" 200 (3 ms)
[03/Jan/2020:03:24:32 +0200] 0:0:0:0:0:0:0:1 "GET /h2console/background.gif HTTP/1.1" 304 (1 ms)
[03/Jan/2020:03:24:47 +0200] 0:0:0:0:0:0:0:1 "POST /h2console/test.do?jsessionid=3a01f01c116ebf188e901c31952859e0 HTTP/1.1" 200 (289 ms)
[03/Jan/2020:03:24:47 +0200] 0:0:0:0:0:0:0:1 "GET /h2console/stylesheet.css HTTP/1.1" 304 (1 ms)
[03/Jan/2020:03:26:08 +0200] 0:0:0:0:0:0:0:1 "POST /h2console/login.do?jsessionid=3a01f01c116ebf188e901c31952859e0 HTTP/1.1" 200 (575 ms)
[03/Jan/2020:03:26:08 +0200] 0:0:0:0:0:0:0:1 "GET /h2console/stylesheet.css HTTP/1.1" 304 (2 ms)
[03/Jan/2020:03:26:47 +0200] 0:0:0:0:0:0:0:1 "POST /h2console/test.do?jsessionid=3a01f01c116ebf188e901c31952859e0 HTTP/1.1" 200 (1090 ms)
[03/Jan/2020:03:26:47 +0200] 0:0:0:0:0:0:0:1 "GET /h2console/stylesheet.css HTTP/1.1" 304 (3 ms)
[03/Jan/2020:03:29:23 +0200] 0:0:0:0:0:0:0:1 "POST /h2console/test.do?jsessionid=3a01f01c116ebf188e901c31952859e0 HTTP/1.1" 200 (2071 ms)
[03/Jan/2020:03:29:23 +0200] 0:0:0:0:0:0:0:1 "GET /h2console/stylesheet.css HTTP/1.1" 304 (0 ms)
[03/Jan/2020:03:29:47 +0200] 0:0:0:0:0:0:0:1 "POST /h2console/login.do?jsessionid=3a01f01c116ebf188e901c31952859e0 HTTP/1.1" 200 (3356 ms)
[03/Jan/2020:03:29:47 +0200] 0:0:0:0:0:0:0:1 "GET /h2console/header.jsp?jsessionid=3a01f01c116ebf188e901c31952859e0 HTTP/1.1" 200 (7 ms)
[03/Jan/2020:03:29:47 +0200] 0:0:0:0:0:0:0:1 "GET /h2console/stylesheet.css HTTP/1.1" 304 (2 ms)
[03/Jan/2020:03:29:47 +0200] 0:0:0:0:0:0:0:1 "GET /h2console/help.jsp?jsessionid=3a01f01c116ebf188e901c31952859e0 HTTP/1.1" 200 (12 ms)
[03/Jan/2020:03:29:47 +0200] 0:0:0:0:0:0:0:1 "GET /h2console/query.jsp?jsessionid=3a01f01c116ebf188e901c31952859e0 HTTP/1.1" 200 (14 ms)
[03/Jan/2020:03:29:47 +0200] 0:0:0:0:0:0:0:1 "GET /h2console/icon_disconnect.gif HTTP/1.1" 200 (10 ms)
[03/Jan/2020:03:29:47 +0200] 0:0:0:0:0:0:0:1 "GET /h2console/icon_line.gif HTTP/1.1" 200 (7 ms)
[03/Jan/2020:03:29:47 +0200] 0:0:0:0:0:0:0:1 "GET /h2console/icon_refresh.gif HTTP/1.1" 200 (12 ms)
[03/Jan/2020:03:29:47 +0200] 0:0:0:0:0:0:0:1 "GET /h2console/icon_commit.gif HTTP/1.1" 200 (5 ms)
[03/Jan/2020:03:29:47 +0200] 0:0:0:0:0:0:0:1 "GET /h2console/icon_rollback.gif HTTP/1.1" 200 (14 ms)
[03/Jan/2020:03:29:47 +0200] 0:0:0:0:0:0:0:1 "GET /h2console/icon_run.gif HTTP/1.1" 200 (11 ms)
[03/Jan/2020:03:29:47 +0200] 0:0:0:0:0:0:0:1 "GET /h2console/icon_help.gif HTTP/1.1" 200 (7 ms)
[03/Jan/2020:03:29:47 +0200] 0:0:0:0:0:0:0:1 "GET /h2console/icon_history.gif HTTP/1.1" 200 (8 ms)
[03/Jan/2020:03:29:47 +0200] 0:0:0:0:0:0:0:1 "GET /h2console/icon_stop.gif HTTP/1.1" 200 (6 ms)
[03/Jan/2020:03:29:47 +0200] 0:0:0:0:0:0:0:1 "GET /h2console/icon_run_selected.gif HTTP/1.1" 200 (8 ms)
[03/Jan/2020:03:29:47 +0200] 0:0:0:0:0:0:0:1 "GET /h2console/tables.do?jsessionid=3a01f01c116ebf188e901c31952859e0 HTTP/1.1" 200 (184 ms)
[03/Jan/2020:03:29:47 +0200] 0:0:0:0:0:0:0:1 "GET /h2console/tree.js HTTP/1.1" 200 (4 ms)
[03/Jan/2020:03:29:47 +0200] 0:0:0:0:0:0:0:1 "GET /h2console/tree_minus.gif HTTP/1.1" 200 (6 ms)
[03/Jan/2020:03:29:47 +0200] 0:0:0:0:0:0:0:1 "GET /h2console/tree_database.gif HTTP/1.1" 200 (7 ms)
[03/Jan/2020:03:29:47 +0200] 0:0:0:0:0:0:0:1 "GET /h2console/tree_plus.gif HTTP/1.1" 200 (9 ms)
[03/Jan/2020:03:29:47 +0200] 0:0:0:0:0:0:0:1 "GET /h2console/tree_empty.gif HTTP/1.1" 200 (7 ms)
[03/Jan/2020:03:29:47 +0200] 0:0:0:0:0:0:0:1 "GET /h2console/tree_table.gif HTTP/1.1" 200 (9 ms)
[03/Jan/2020:03:29:47 +0200] 0:0:0:0:0:0:0:1 "GET /h2console/tree_column.gif HTTP/1.1" 200 (4 ms)
[03/Jan/2020:03:29:47 +0200] 0:0:0:0:0:0:0:1 "GET /h2console/tree_type.gif HTTP/1.1" 200 (6 ms)
[03/Jan/2020:03:29:47 +0200] 0:0:0:0:0:0:0:1 "GET /h2console/tree_index.gif HTTP/1.1" 200 (4 ms)
[03/Jan/2020:03:29:47 +0200] 0:0:0:0:0:0:0:1 "GET /h2console/tree_index_az.gif HTTP/1.1" 200 (5 ms)
[03/Jan/2020:03:29:47 +0200] 0:0:0:0:0:0:0:1 "GET /h2console/tree_folder.gif HTTP/1.1" 200 (7 ms)
[03/Jan/2020:03:29:47 +0200] 0:0:0:0:0:0:0:1 "GET /h2console/tree_sequence.gif HTTP/1.1" 200 (6 ms)
[03/Jan/2020:03:29:47 +0200] 0:0:0:0:0:0:0:1 "GET /h2console/tree_sequences.gif HTTP/1.1" 200 (6 ms)
[03/Jan/2020:03:29:47 +0200] 0:0:0:0:0:0:0:1 "GET /h2console/tree_users.gif HTTP/1.1" 200 (6 ms)
[03/Jan/2020:03:29:47 +0200] 0:0:0:0:0:0:0:1 "GET /h2console/tree_info.gif HTTP/1.1" 200 (5 ms)
[03/Jan/2020:03:29:47 +0200] 0:0:0:0:0:0:0:1 "GET /h2console/tree_user.gif HTTP/1.1" 200 (7 ms)
[03/Jan/2020:03:31:37 +0200] 0:0:0:0:0:0:0:1 "GET /h2console/autoCompleteList.do?jsessionid=3a01f01c116ebf188e901c31952859e0&query=ROLE_ID%20ROLE_NAME%20CATEGORY_ID%20 HTTP/1.1" 200 (8 ms)
[03/Jan/2020:03:31:43 +0200] 0:0:0:0:0:0:0:1 "POST /h2console/query.do?jsessionid=3a01f01c116ebf188e901c31952859e0 HTTP/1.1" 200 (6 ms)
[03/Jan/2020:03:31:43 +0200] 0:0:0:0:0:0:0:1 "GET /h2console/stylesheet.css HTTP/1.1" 304 (1 ms)
[03/Jan/2020:03:31:43 +0200] 0:0:0:0:0:0:0:1 "GET /h2console/table.js HTTP/1.1" 200 (5 ms)
[03/Jan/2020:03:32:43 +0200] 0:0:0:0:0:0:0:1 "GET /h2console/tables.do?jsessionid=3a01f01c116ebf188e901c31952859e0 HTTP/1.1" 200 (26 ms)
[03/Jan/2020:03:32:43 +0200] 0:0:0:0:0:0:0:1 "GET /h2console/stylesheet.css HTTP/1.1" 304 (1 ms)
[03/Jan/2020:03:32:43 +0200] 0:0:0:0:0:0:0:1 "GET /h2console/tree.js HTTP/1.1" 304 (1 ms)
[03/Jan/2020:03:32:43 +0200] 0:0:0:0:0:0:0:1 "GET /h2console/tree_minus.gif HTTP/1.1" 304 (1 ms)
[03/Jan/2020:03:32:43 +0200] 0:0:0:0:0:0:0:1 "GET /h2console/tree_plus.gif HTTP/1.1" 304 (2 ms)
[03/Jan/2020:03:32:43 +0200] 0:0:0:0:0:0:0:1 "GET /h2console/tree_database.gif HTTP/1.1" 304 (3 ms)
[03/Jan/2020:03:32:43 +0200] 0:0:0:0:0:0:0:1 "GET /h2console/tree_empty.gif HTTP/1.1" 304 (1 ms)
[03/Jan/2020:03:32:44 +0200] 0:0:0:0:0:0:0:1 "GET /h2console/tree_table.gif HTTP/1.1" 304 (2 ms)
[03/Jan/2020:03:32:44 +0200] 0:0:0:0:0:0:0:1 "GET /h2console/tree_column.gif HTTP/1.1" 304 (0 ms)
[03/Jan/2020:03:32:44 +0200] 0:0:0:0:0:0:0:1 "GET /h2console/tree_index_az.gif HTTP/1.1" 304 (1 ms)
[03/Jan/2020:03:32:44 +0200] 0:0:0:0:0:0:0:1 "GET /h2console/tree_type.gif HTTP/1.1" 304 (2 ms)
[03/Jan/2020:03:32:44 +0200] 0:0:0:0:0:0:0:1 "GET /h2console/tree_index.gif HTTP/1.1" 304 (1 ms)
[03/Jan/2020:03:32:44 +0200] 0:0:0:0:0:0:0:1 "GET /h2console/tree_folder.gif HTTP/1.1" 304 (1 ms)
[03/Jan/2020:03:32:44 +0200] 0:0:0:0:0:0:0:1 "GET /h2console/tree_sequences.gif HTTP/1.1" 304 (1 ms)
[03/Jan/2020:03:32:44 +0200] 0:0:0:0:0:0:0:1 "GET /h2console/tree_sequence.gif HTTP/1.1" 304 (1 ms)
[03/Jan/2020:03:32:44 +0200] 0:0:0:0:0:0:0:1 "GET /h2console/tree_users.gif HTTP/1.1" 304 (1 ms)
[03/Jan/2020:03:32:44 +0200] 0:0:0:0:0:0:0:1 "GET /h2console/tree_user.gif HTTP/1.1" 304 (1 ms)
[03/Jan/2020:03:32:44 +0200] 0:0:0:0:0:0:0:1 "GET /h2console/tree_info.gif HTTP/1.1" 304 (0 ms)
[03/Jan/2020:03:33:54 +0200] 0:0:0:0:0:0:0:1 "GET /h2console/autoCompleteList.do?jsessionid=3a01f01c116ebf188e901c31952859e0&query=SELECT%20*%20FROM%20CATEGORY%20CATEGORY%20ROLE%20ROLE%20ROLE_ID%20ROLE_ID%20 HTTP/1.1" 200 (0 ms)
[03/Jan/2020:03:33:57 +0200] 0:0:0:0:0:0:0:1 "GET /h2console/autoCompleteList.do?jsessionid=3a01f01c116ebf188e901c31952859e0&query=SELECT%20*%20FROM%20CATEGORY%20CATEGORY%20ROLE%20ROLE%20ROLE_ID%20ROLE_ID HTTP/1.1" 200 (0 ms)
[03/Jan/2020:03:34:00 +0200] 0:0:0:0:0:0:0:1 "GET /h2console/autoCompleteList.do?jsessionid=3a01f01c116ebf188e901c31952859e0&query= HTTP/1.1" 200 (0 ms)
[03/Jan/2020:03:34:08 +0200] 0:0:0:0:0:0:0:1 "GET /h2console/autoCompleteList.do?jsessionid=3a01f01c116ebf188e901c31952859e0&query=CREATE%20 HTTP/1.1" 200 (0 ms)
[03/Jan/2020:03:34:13 +0200] 0:0:0:0:0:0:0:1 "GET /h2console/autoCompleteList.do?jsessionid=3a01f01c116ebf188e901c31952859e0&query=CREATE%20ROLE%20 HTTP/1.1" 200 (0 ms)
[03/Jan/2020:03:34:32 +0200] 0:0:0:0:0:0:0:1 "GET /h2console/autoCompleteList.do?jsessionid=3a01f01c116ebf188e901c31952859e0&query=CREATE%20ROLE%20r HTTP/1.1" 200 (0 ms)
[03/Jan/2020:03:34:33 +0200] 0:0:0:0:0:0:0:1 "GET /h2console/autoCompleteList.do?jsessionid=3a01f01c116ebf188e901c31952859e0&query=CREATE%20ROLE%20ro HTTP/1.1" 200 (0 ms)
[03/Jan/2020:03:34:33 +0200] 0:0:0:0:0:0:0:1 "GET /h2console/autoCompleteList.do?jsessionid=3a01f01c116ebf188e901c31952859e0&query=CREATE%20ROLE%20rol HTTP/1.1" 200 (0 ms)
[03/Jan/2020:03:34:34 +0200] 0:0:0:0:0:0:0:1 "GET /h2console/autoCompleteList.do?jsessionid=3a01f01c116ebf188e901c31952859e0&query=CREATE%20ROLE%20role HTTP/1.1" 200 (0 ms)
[03/Jan/2020:03:34:36 +0200] 0:0:0:0:0:0:0:1 "GET /h2console/autoCompleteList.do?jsessionid=3a01f01c116ebf188e901c31952859e0&query=CREATE%20ROLE%20role_ HTTP/1.1" 200 (0 ms)
[03/Jan/2020:03:34:38 +0200] 0:0:0:0:0:0:0:1 "GET /h2console/autoCompleteList.do?jsessionid=3a01f01c116ebf188e901c31952859e0&query=CREATE%20ROLE%20role_n HTTP/1.1" 200 (0 ms)
[03/Jan/2020:03:34:38 +0200] 0:0:0:0:0:0:0:1 "GET /h2console/autoCompleteList.do?jsessionid=3a01f01c116ebf188e901c31952859e0&query=CREATE%20ROLE%20role_na HTTP/1.1" 200 (0 ms)
[03/Jan/2020:03:34:39 +0200] 0:0:0:0:0:0:0:1 "GET /h2console/autoCompleteList.do?jsessionid=3a01f01c116ebf188e901c31952859e0&query=CREATE%20ROLE%20role_nam HTTP/1.1" 200 (0 ms)
[03/Jan/2020:03:34:40 +0200] 0:0:0:0:0:0:0:1 "GET /h2console/autoCompleteList.do?jsessionid=3a01f01c116ebf188e901c31952859e0&query=CREATE%20ROLE%20role_name HTTP/1.1" 200 (0 ms)
[03/Jan/2020:03:34:41 +0200] 0:0:0:0:0:0:0:1 "GET /h2console/autoCompleteList.do?jsessionid=3a01f01c116ebf188e901c31952859e0&query=CREATE%20ROLE%20role_name%20 HTTP/1.1" 200 (0 ms)
[03/Jan/2020:03:34:45 +0200] 0:0:0:0:0:0:0:1 "GET /h2console/autoCompleteList.do?jsessionid=3a01f01c116ebf188e901c31952859e0&query=CREATE%20ROLE%20role_name%20%3D HTTP/1.1" 200 (0 ms)
[03/Jan/2020:03:34:49 +0200] 0:0:0:0:0:0:0:1 "GET /h2console/autoCompleteList.do?jsessionid=3a01f01c116ebf188e901c31952859e0&query=CREATE%20ROLE%20role_name%20%3D%20 HTTP/1.1" 200 (0 ms)
[03/Jan/2020:03:34:51 +0200] 0:0:0:0:0:0:0:1 "GET /h2console/autoCompleteList.do?jsessionid=3a01f01c116ebf188e901c31952859e0&query=CREATE%20ROLE%20role_name%20%3D%20n HTTP/1.1" 200 (0 ms)
[03/Jan/2020:03:34:52 +0200] 0:0:0:0:0:0:0:1 "GET /h2console/autoCompleteList.do?jsessionid=3a01f01c116ebf188e901c31952859e0&query=CREATE%20ROLE%20role_name%20%3D%20ne HTTP/1.1" 200 (0 ms)
[03/Jan/2020:03:34:52 +0200] 0:0:0:0:0:0:0:1 "GET /h2console/autoCompleteList.do?jsessionid=3a01f01c116ebf188e901c31952859e0&query=CREATE%20ROLE%20role_name%20%3D%20ner HTTP/1.1" 200 (0 ms)
[03/Jan/2020:03:34:54 +0200] 0:0:0:0:0:0:0:1 "GET /h2console/autoCompleteList.do?jsessionid=3a01f01c116ebf188e901c31952859e0&query=CREATE%20ROLE%20role_name%20%3D%20ne HTTP/1.1" 200 (0 ms)
[03/Jan/2020:03:34:55 +0200] 0:0:0:0:0:0:0:1 "GET /h2console/autoCompleteList.do?jsessionid=3a01f01c116ebf188e901c31952859e0&query=CREATE%20ROLE%20role_name%20%3D%20new HTTP/1.1" 200 (0 ms)
[03/Jan/2020:03:34:59 +0200] 0:0:0:0:0:0:0:1 "GET /h2console/autoCompleteList.do?jsessionid=3a01f01c116ebf188e901c31952859e0&query=CREATE%20ROLE%20role_name%20%3D%20newR HTTP/1.1" 200 (0 ms)
[03/Jan/2020:03:35:00 +0200] 0:0:0:0:0:0:0:1 "GET /h2console/autoCompleteList.do?jsessionid=3a01f01c116ebf188e901c31952859e0&query=CREATE%20ROLE%20role_name%20%3D%20newRo HTTP/1.1" 200 (0 ms)
[03/Jan/2020:03:35:00 +0200] 0:0:0:0:0:0:0:1 "GET /h2console/autoCompleteList.do?jsessionid=3a01f01c116ebf188e901c31952859e0&query=CREATE%20ROLE%20role_name%20%3D%20newRol HTTP/1.1" 200 (0 ms)
[03/Jan/2020:03:35:01 +0200] 0:0:0:0:0:0:0:1 "GET /h2console/autoCompleteList.do?jsessionid=3a01f01c116ebf188e901c31952859e0&query=CREATE%20ROLE%20role_name%20%3D%20newRole HTTP/1.1" 200 (0 ms)
[03/Jan/2020:03:35:05 +0200] 0:0:0:0:0:0:0:1 "GET /h2console/autoCompleteList.do?jsessionid=3a01f01c116ebf188e901c31952859e0&query=CREATE%20ROLE%20role_name%20%3D%20newRole%3B HTTP/1.1" 200 (0 ms)
[03/Jan/2020:03:35:12 +0200] 0:0:0:0:0:0:0:1 "POST /h2console/query.do?jsessionid=3a01f01c116ebf188e901c31952859e0 HTTP/1.1" 200 (3 ms)
[03/Jan/2020:03:35:12 +0200] 0:0:0:0:0:0:0:1 "GET /h2console/stylesheet.css HTTP/1.1" 304 (1 ms)
[03/Jan/2020:03:35:12 +0200] 0:0:0:0:0:0:0:1 "GET /h2console/table.js HTTP/1.1" 304 (5 ms)
[03/Jan/2020:03:36:10 +0200] 0:0:0:0:0:0:0:1 "GET /h2console/autoCompleteList.do?jsessionid=3a01f01c116ebf188e901c31952859e0&query=CREAT HTTP/1.1" 200 (0 ms)
[03/Jan/2020:03:36:32 +0200] 0:0:0:0:0:0:0:1 "GET /h2console/autoCompleteList.do?jsessionid=3a01f01c116ebf188e901c31952859e0&query=CREATE HTTP/1.1" 200 (0 ms)
[03/Jan/2020:03:36:40 +0200] 0:0:0:0:0:0:0:1 "GET /h2console/autoCompleteList.do?jsessionid=3a01f01c116ebf188e901c31952859e0&query=%20INSERT%20INTO HTTP/1.1" 200 (0 ms)
[03/Jan/2020:03:36:57 +0200] 0:0:0:0:0:0:0:1 "GET /h2console/autoCompleteList.do?jsessionid=3a01f01c116ebf188e901c31952859e0&query=%20INSERT%20INTO%20ROLE%20( HTTP/1.1" 200 (0 ms)
[03/Jan/2020:03:37:05 +0200] 0:0:0:0:0:0:0:1 "GET /h2console/autoCompleteList.do?jsessionid=3a01f01c116ebf188e901c31952859e0&query=%20INSERT%20INTO%20ROLE%20(role_name%20%3D%20newRole) HTTP/1.1" 200 (0 ms)
[03/Jan/2020:03:37:08 +0200] 0:0:0:0:0:0:0:1 "POST /h2console/query.do?jsessionid=3a01f01c116ebf188e901c31952859e0 HTTP/1.1" 200 (4 ms)
[03/Jan/2020:03:37:08 +0200] 0:0:0:0:0:0:0:1 "GET /h2console/table.js HTTP/1.1" 304 (1 ms)
[03/Jan/2020:03:37:08 +0200] 0:0:0:0:0:0:0:1 "GET /h2console/stylesheet.css HTTP/1.1" 304 (1 ms)
[03/Jan/2020:03:37:31 +0200] 0:0:0:0:0:0:0:1 "GET /h2console/autoCompleteList.do?jsessionid=3a01f01c116ebf188e901c31952859e0&query=%20INSERT%20INTO%20ROLE%20(role_name%20%3D%20newRole%22 HTTP/1.1" 200 (0 ms)
[03/Jan/2020:03:37:37 +0200] 0:0:0:0:0:0:0:1 "GET /h2console/autoCompleteList.do?jsessionid=3a01f01c116ebf188e901c31952859e0&query=%20INSERT%20INTO%20ROLE%20(role_name%20%3D%20%22 HTTP/1.1" 200 (0 ms)
[03/Jan/2020:03:37:42 +0200] 0:0:0:0:0:0:0:1 "POST /h2console/query.do?jsessionid=3a01f01c116ebf188e901c31952859e0 HTTP/1.1" 200 (2 ms)
[03/Jan/2020:03:37:42 +0200] 0:0:0:0:0:0:0:1 "GET /h2console/table.js HTTP/1.1" 304 (1 ms)
[03/Jan/2020:03:37:42 +0200] 0:0:0:0:0:0:0:1 "GET /h2console/stylesheet.css HTTP/1.1" 304 (1 ms)
[03/Jan/2020:03:40:47 +0200] 0:0:0:0:0:0:0:1 "GET /h2console/autoCompleteList.do?jsessionid=3a01f01c116ebf188e901c31952859e0&query=%20 HTTP/1.1" 200 (1 ms)
[03/Jan/2020:03:40:52 +0200] 0:0:0:0:0:0:0:1 "GET /h2console/autoCompleteList.do?jsessionid=3a01f01c116ebf188e901c31952859e0&query=%20INSERT%20INTO%20CUSTOMER%20VALUES%20(1%2C%20%27Ramesh%27%2C%2032%2C%20%27Ahmedabad%27%2C%202000)%3B%20 HTTP/1.1" 200 (0 ms)
[03/Jan/2020:03:40:58 +0200] 0:0:0:0:0:0:0:1 "GET /h2console/autoCompleteList.do?jsessionid=3a01f01c116ebf188e901c31952859e0&query=%20INSERT%20INTO%20CUSTOME HTTP/1.1" 200 (0 ms)
[03/Jan/2020:03:40:58 +0200] 0:0:0:0:0:0:0:1 "GET /h2console/autoCompleteList.do?jsessionid=3a01f01c116ebf188e901c31952859e0&query=%20INSERT%20INTO%20CUSTOM HTTP/1.1" 200 (0 ms)
[03/Jan/2020:03:40:58 +0200] 0:0:0:0:0:0:0:1 "GET /h2console/autoCompleteList.do?jsessionid=3a01f01c116ebf188e901c31952859e0&query=%20INSERT%20INTO%20CUSTO HTTP/1.1" 200 (0 ms)
[03/Jan/2020:03:40:58 +0200] 0:0:0:0:0:0:0:1 "GET /h2console/autoCompleteList.do?jsessionid=3a01f01c116ebf188e901c31952859e0&query=%20INSERT%20INTO%20CUST HTTP/1.1" 200 (0 ms)
[03/Jan/2020:03:40:59 +0200] 0:0:0:0:0:0:0:1 "GET /h2console/autoCompleteList.do?jsessionid=3a01f01c116ebf188e901c31952859e0&query=%20INSERT%20INTO%20CUS HTTP/1.1" 200 (0 ms)
[03/Jan/2020:03:40:59 +0200] 0:0:0:0:0:0:0:1 "GET /h2console/autoCompleteList.do?jsessionid=3a01f01c116ebf188e901c31952859e0&query=%20INSERT%20INTO%20CU HTTP/1.1" 200 (0 ms)
[03/Jan/2020:03:40:59 +0200] 0:0:0:0:0:0:0:1 "GET /h2console/autoCompleteList.do?jsessionid=3a01f01c116ebf188e901c31952859e0&query=%20INSERT%20INTO%20C HTTP/1.1" 200 (0 ms)
[03/Jan/2020:03:41:00 +0200] 0:0:0:0:0:0:0:1 "GET /h2console/autoCompleteList.do?jsessionid=3a01f01c116ebf188e901c31952859e0&query=%20INSERT%20INTO%20 HTTP/1.1" 200 (0 ms)
[03/Jan/2020:03:41:02 +0200] 0:0:0:0:0:0:0:1 "GET /h2console/autoCompleteList.do?jsessionid=3a01f01c116ebf188e901c31952859e0&query=%20INSERT%20INTO%20R HTTP/1.1" 200 (0 ms)
[03/Jan/2020:03:41:03 +0200] 0:0:0:0:0:0:0:1 "GET /h2console/autoCompleteList.do?jsessionid=3a01f01c116ebf188e901c31952859e0&query=%20INSERT%20INTO%20RO HTTP/1.1" 200 (0 ms)
[03/Jan/2020:03:41:03 +0200] 0:0:0:0:0:0:0:1 "GET /h2console/autoCompleteList.do?jsessionid=3a01f01c116ebf188e901c31952859e0&query=%20INSERT%20INTO%20ROL HTTP/1.1" 200 (0 ms)
[03/Jan/2020:03:41:04 +0200] 0:0:0:0:0:0:0:1 "GET /h2console/autoCompleteList.do?jsessionid=3a01f01c116ebf188e901c31952859e0&query=%20INSERT%20INTO%20ROLE HTTP/1.1" 200 (0 ms)
[03/Jan/2020:03:41:09 +0200] 0:0:0:0:0:0:0:1 "GET /h2console/autoCompleteList.do?jsessionid=3a01f01c116ebf188e901c31952859e0&query=%20INSERT%20INTO%20ROLE%20VALUES%20(1 HTTP/1.1" 200 (16 ms)
[03/Jan/2020:03:41:10 +0200] 0:0:0:0:0:0:0:1 "GET /h2console/autoCompleteList.do?jsessionid=3a01f01c116ebf188e901c31952859e0&query=%20INSERT%20INTO%20ROLE%20VALUES%20( HTTP/1.1" 200 (0 ms)
[03/Jan/2020:03:41:15 +0200] 0:0:0:0:0:0:0:1 "GET /h2console/autoCompleteList.do?jsessionid=3a01f01c116ebf188e901c31952859e0&query=%20INSERT%20INTO%20ROLE%20VALUES%20(%20%27Ro HTTP/1.1" 200 (0 ms)
[03/Jan/2020:03:41:15 +0200] 0:0:0:0:0:0:0:1 "GET /h2console/autoCompleteList.do?jsessionid=3a01f01c116ebf188e901c31952859e0&query=%20INSERT%20INTO%20ROLE%20VALUES%20(%20%27Rol HTTP/1.1" 200 (0 ms)
[03/Jan/2020:03:41:17 +0200] 0:0:0:0:0:0:0:1 "GET /h2console/autoCompleteList.do?jsessionid=3a01f01c116ebf188e901c31952859e0&query=%20INSERT%20INTO%20ROLE%20VALUES%20(%20%27Role HTTP/1.1" 200 (0 ms)
[03/Jan/2020:03:41:18 +0200] 0:0:0:0:0:0:0:1 "GET /h2console/autoCompleteList.do?jsessionid=3a01f01c116ebf188e901c31952859e0&query=%20INSERT%20INTO%20ROLE%20VALUES%20(%20%27Role1 HTTP/1.1" 200 (0 ms)
[03/Jan/2020:03:41:30 +0200] 0:0:0:0:0:0:0:1 "GET /h2console/autoCompleteList.do?jsessionid=3a01f01c116ebf188e901c31952859e0&query=%20INSERT%20INTO%20ROLE%20VALUES%20(%20%27Role1%27 HTTP/1.1" 200 (4 ms)
[03/Jan/2020:03:41:49 +0200] 0:0:0:0:0:0:0:1 "GET /h2console/autoCompleteList.do?jsessionid=3a01f01c116ebf188e901c31952859e0&query=%20INSERT%20INTO%20ROLE%20VALUES%20(%20%27Role1%27)%3B%20 HTTP/1.1" 200 (0 ms)
[03/Jan/2020:03:41:49 +0200] 0:0:0:0:0:0:0:1 "POST /h2console/query.do?jsessionid=3a01f01c116ebf188e901c31952859e0 HTTP/1.1" 200 (3 ms)
[03/Jan/2020:03:41:49 +0200] 0:0:0:0:0:0:0:1 "GET /h2console/stylesheet.css HTTP/1.1" 304 (1 ms)
[03/Jan/2020:03:41:49 +0200] 0:0:0:0:0:0:0:1 "GET /h2console/table.js HTTP/1.1" 304 (1 ms)
[03/Jan/2020:03:42:02 +0200] 0:0:0:0:0:0:0:1 "GET /h2console/autoCompleteList.do?jsessionid=3a01f01c116ebf188e901c31952859e0&query=%20INSERT%20INTO%20ROLE%20VALUES%20(%27 HTTP/1.1" 200 (0 ms)
[03/Jan/2020:03:42:02 +0200] 0:0:0:0:0:0:0:1 "GET /h2console/autoCompleteList.do?jsessionid=3a01f01c116ebf188e901c31952859e0&query=%20INSERT%20INTO%20ROLE%20VALUES%20(%27%27 HTTP/1.1" 200 (15 ms)
[03/Jan/2020:03:42:04 +0200] 0:0:0:0:0:0:0:1 "GET /h2console/autoCompleteList.do?jsessionid=3a01f01c116ebf188e901c31952859e0&query=%20INSERT%20INTO%20ROLE%20VALUES%20(%27%27%2C HTTP/1.1" 200 (0 ms)
[03/Jan/2020:03:42:09 +0200] 0:0:0:0:0:0:0:1 "POST /h2console/query.do?jsessionid=3a01f01c116ebf188e901c31952859e0 HTTP/1.1" 200 (7 ms)
[03/Jan/2020:03:42:09 +0200] 0:0:0:0:0:0:0:1 "GET /h2console/table.js HTTP/1.1" 304 (0 ms)
[03/Jan/2020:03:42:09 +0200] 0:0:0:0:0:0:0:1 "GET /h2console/stylesheet.css HTTP/1.1" 304 (0 ms)
[03/Jan/2020:03:42:24 +0200] 0:0:0:0:0:0:0:1 "GET /h2console/autoCompleteList.do?jsessionid=3a01f01c116ebf188e901c31952859e0&query=%20INSERT%20INTO%20ROLE%20VALUES%20(%27 HTTP/1.1" 200 (0 ms)
[03/Jan/2020:03:42:24 +0200] 0:0:0:0:0:0:0:1 "GET /h2console/autoCompleteList.do?jsessionid=3a01f01c116ebf188e901c31952859e0&query=%20INSERT%20INTO%20ROLE%20VALUES%20( HTTP/1.1" 200 (0 ms)
[03/Jan/2020:03:42:35 +0200] 0:0:0:0:0:0:0:1 "GET /h2console/autoCompleteList.do?jsessionid=3a01f01c116ebf188e901c31952859e0&query=%20INSERT%20INTO%20ROLE%20VALUES%20(1 HTTP/1.1" 200 (0 ms)
[03/Jan/2020:03:42:36 +0200] 0:0:0:0:0:0:0:1 "GET /h2console/autoCompleteList.do?jsessionid=3a01f01c116ebf188e901c31952859e0&query=%20INSERT%20INTO%20ROLE%20VALUES%20(10 HTTP/1.1" 200 (0 ms)
[03/Jan/2020:03:42:36 +0200] 0:0:0:0:0:0:0:1 "GET /h2console/autoCompleteList.do?jsessionid=3a01f01c116ebf188e901c31952859e0&query=%20INSERT%20INTO%20ROLE%20VALUES%20(100 HTTP/1.1" 200 (0 ms)
[03/Jan/2020:03:42:37 +0200] 0:0:0:0:0:0:0:1 "GET /h2console/autoCompleteList.do?jsessionid=3a01f01c116ebf188e901c31952859e0&query=%20INSERT%20INTO%20ROLE%20VALUES%20(1000 HTTP/1.1" 200 (0 ms)
[03/Jan/2020:03:42:39 +0200] 0:0:0:0:0:0:0:1 "POST /h2console/query.do?jsessionid=3a01f01c116ebf188e901c31952859e0 HTTP/1.1" 200 (3 ms)
[03/Jan/2020:03:42:39 +0200] 0:0:0:0:0:0:0:1 "GET /h2console/stylesheet.css HTTP/1.1" 304 (3 ms)
[03/Jan/2020:03:42:39 +0200] 0:0:0:0:0:0:0:1 "GET /h2console/table.js HTTP/1.1" 304 (4 ms)
[03/Jan/2020:03:42:56 +0200] 0:0:0:0:0:0:0:1 "GET /h2console/autoCompleteList.do?jsessionid=3a01f01c116ebf188e901c31952859e0&query= HTTP/1.1" 200 (0 ms)
[03/Jan/2020:03:43:02 +0200] 0:0:0:0:0:0:0:1 "GET /h2console/autoCompleteList.do?jsessionid=3a01f01c116ebf188e901c31952859e0&query=%20INSERT%20INTO%20ROLE%20VALUES%20(1000%2C%20%27Role1%27)%3B%20%0A HTTP/1.1" 200 (0 ms)
[03/Jan/2020:03:43:04 +0200] 0:0:0:0:0:0:0:1 "GET /h2console/autoCompleteList.do?jsessionid=3a01f01c116ebf188e901c31952859e0&query=%20INSERT%20INTO%20ROLE%20VALUES%20(1000%2C%20%27Role1%27)%3B%20%0A%20INSERT%20INTO%20ROLE%20VALUES%20(1000%2C%20%27Role1%27)%3B%20 HTTP/1.1" 200 (0 ms)
[03/Jan/2020:03:43:08 +0200] 0:0:0:0:0:0:0:1 "GET /h2console/autoCompleteList.do?jsessionid=3a01f01c116ebf188e901c31952859e0&query=%20INSERT%20INTO%20ROLE%20VALUES%20(1000%2C%20%27Role1 HTTP/1.1" 200 (0 ms)
[03/Jan/2020:03:43:11 +0200] 0:0:0:0:0:0:0:1 "GET /h2console/autoCompleteList.do?jsessionid=3a01f01c116ebf188e901c31952859e0&query=%20INSERT%20INTO%20ROLE%20VALUES%20(1000%2C%20%27Role HTTP/1.1" 200 (4 ms)
[03/Jan/2020:03:43:13 +0200] 0:0:0:0:0:0:0:1 "GET /h2console/autoCompleteList.do?jsessionid=3a01f01c116ebf188e901c31952859e0&query=%20INSERT%20INTO%20ROLE%20VALUES%20(1000%2C%20%27Role2 HTTP/1.1" 200 (0 ms)
[03/Jan/2020:03:43:13 +0200] 0:0:0:0:0:0:0:1 "GET /h2console/autoCompleteList.do?jsessionid=3a01f01c116ebf188e901c31952859e0&query=%20INSERT%20INTO%20ROLE%20VALUES%20(1000%2C%20%27Role2%27 HTTP/1.1" 200 (0 ms)
[03/Jan/2020:03:43:19 +0200] 0:0:0:0:0:0:0:1 "GET /h2console/autoCompleteList.do?jsessionid=3a01f01c116ebf188e901c31952859e0&query=%20INSERT%20INTO%20ROLE%20VALUES%20(1000%2C%20%27Role2%27)%3B%20%0A%20INSERT%20INTO%20ROLE%20VALUES%20(1000%2C%20%27Role3 HTTP/1.1" 200 (0 ms)
[03/Jan/2020:03:43:28 +0200] 0:0:0:0:0:0:0:1 "GET /h2console/autoCompleteList.do?jsessionid=3a01f01c116ebf188e901c31952859e0&query=%20INSERT%20INTO%20ROLE%20VALUES%20(100 HTTP/1.1" 200 (0 ms)
[03/Jan/2020:03:43:29 +0200] 0:0:0:0:0:0:0:1 "GET /h2console/autoCompleteList.do?jsessionid=3a01f01c116ebf188e901c31952859e0&query=%20INSERT%20INTO%20ROLE%20VALUES%20(1001 HTTP/1.1" 200 (0 ms)
[03/Jan/2020:03:43:32 +0200] 0:0:0:0:0:0:0:1 "GET /h2console/autoCompleteList.do?jsessionid=3a01f01c116ebf188e901c31952859e0&query=%20INSERT%20INTO%20ROLE%20VALUES%20(1001%2C%20%27Role2%27)%3B%20%0A%20INSERT%20INTO%20ROLE%20VALUES%20(100 HTTP/1.1" 200 (0 ms)
[03/Jan/2020:03:43:33 +0200] 0:0:0:0:0:0:0:1 "GET /h2console/autoCompleteList.do?jsessionid=3a01f01c116ebf188e901c31952859e0&query=%20INSERT%20INTO%20ROLE%20VALUES%20(1001%2C%20%27Role2%27)%3B%20%0A%20INSERT%20INTO%20ROLE%20VALUES%20(1002 HTTP/1.1" 200 (0 ms)
[03/Jan/2020:03:43:41 +0200] 0:0:0:0:0:0:0:1 "GET /h2console/autoCompleteList.do?jsessionid=3a01f01c116ebf188e901c31952859e0&query= HTTP/1.1" 200 (0 ms)
[03/Jan/2020:03:43:46 +0200] 0:0:0:0:0:0:0:1 "GET /h2console/autoCompleteList.do?jsessionid=3a01f01c116ebf188e901c31952859e0&query=%20INSERT%20INTO%20ROLE%20VALUES%20(1001%2C%20%27Role2%27)%3B%20%0A%20INSERT%20INTO%20ROLE%20VALUES%20(1002%2C%20%27Role3%27)%3B%20%0A HTTP/1.1" 200 (0 ms)
[03/Jan/2020:03:43:50 +0200] 0:0:0:0:0:0:0:1 "GET /h2console/autoCompleteList.do?jsessionid=3a01f01c116ebf188e901c31952859e0&query=%20INSERT%20INTO%20ROLE%20VALUES%20(1001%2C%20%27Role2%27)%3B%20%0A%20INSERT%20INTO%20ROLE%20VALUES%20(1002%2C%20%27Role3%27)%3B%20%0A%20INSERT%20INTO%20ROLE%20VALUES%20(1001%2C%20%27Role2%27)%3B%20%0A%20INSERT%20INTO%20ROLE%20VALUES%20(1002%2C%20%27Role3%27)%3B%20 HTTP/1.1" 200 (0 ms)
[03/Jan/2020:03:43:54 +0200] 0:0:0:0:0:0:0:1 "GET /h2console/autoCompleteList.do?jsessionid=3a01f01c116ebf188e901c31952859e0&query=%20INSERT%20INTO%20ROLE%20VALUES%20(1001%2C%20%27Role2%27)%3B%20%0A%20INSERT%20INTO%20ROLE%20VALUES%20(1002%2C%20%27Role3%27)%3B%20%0A%20INSERT%20INTO%20ROLE%20VALUES%20(100 HTTP/1.1" 200 (0 ms)
[03/Jan/2020:03:43:56 +0200] 0:0:0:0:0:0:0:1 "GET /h2console/autoCompleteList.do?jsessionid=3a01f01c116ebf188e901c31952859e0&query=%20INSERT%20INTO%20ROLE%20VALUES%20(1001%2C%20%27Role2%27)%3B%20%0A%20INSERT%20INTO%20ROLE%20VALUES%20(1002%2C%20%27Role3%27)%3B%20%0A%20INSERT%20INTO%20ROLE%20VALUES%20(1003 HTTP/1.1" 200 (0 ms)
[03/Jan/2020:03:44:01 +0200] 0:0:0:0:0:0:0:1 "GET /h2console/autoCompleteList.do?jsessionid=3a01f01c116ebf188e901c31952859e0&query=%20INSERT%20INTO%20ROLE%20VALUES%20(1001%2C%20%27Role2%27)%3B%20%0A%20INSERT%20INTO%20ROLE%20VALUES%20(1002%2C%20%27Role3%27)%3B%20%0A%20INSERT%20INTO%20ROLE%20VALUES%20(1003%2C%20%27Role HTTP/1.1" 200 (0 ms)
[03/Jan/2020:03:44:01 +0200] 0:0:0:0:0:0:0:1 "GET /h2console/autoCompleteList.do?jsessionid=3a01f01c116ebf188e901c31952859e0&query=%20INSERT%20INTO%20ROLE%20VALUES%20(1001%2C%20%27Role2%27)%3B%20%0A%20INSERT%20INTO%20ROLE%20VALUES%20(1002%2C%20%27Role3%27)%3B%20%0A%20INSERT%20INTO%20ROLE%20VALUES%20(1003%2C%20%27Role4 HTTP/1.1" 200 (0 ms)
[03/Jan/2020:03:44:05 +0200] 0:0:0:0:0:0:0:1 "GET /h2console/autoCompleteList.do?jsessionid=3a01f01c116ebf188e901c31952859e0&query=%20INSERT%20INTO%20ROLE%20VALUES%20(1001%2C%20%27Role2%27)%3B%20%0A%20INSERT%20INTO%20ROLE%20VALUES%20(1002%2C%20%27Role3%27)%3B%20%0A%20INSERT%20INTO%20ROLE%20VALUES%20(1003%2C%20%27Role4%27)%3B%20%0A%20INSERT%20INTO%20ROLE%20VALUES%20(100 HTTP/1.1" 200 (0 ms)
[03/Jan/2020:03:44:09 +0200] 0:0:0:0:0:0:0:1 "GET /h2console/autoCompleteList.do?jsessionid=3a01f01c116ebf188e901c31952859e0&query=%20INSERT%20INTO%20ROLE%20VALUES%20(1001%2C%20%27Role2%27)%3B%20%0A%20INSERT%20INTO%20ROLE%20VALUES%20(1002%2C%20%27Role3%27)%3B%20%0A%20INSERT%20INTO%20ROLE%20VALUES%20(1003%2C%20%27Role4%27)%3B%20%0A%20INSERT%20INTO%20ROLE%20VALUES%20(1004 HTTP/1.1" 200 (0 ms)
[03/Jan/2020:03:44:18 +0200] 0:0:0:0:0:0:0:1 "GET /h2console/autoCompleteList.do?jsessionid=3a01f01c116ebf188e901c31952859e0&query=%20INSERT%20INTO%20ROLE%20VALUES%20(1001%2C%20%27Role2%27)%3B%20%0A%20INSERT%20INTO%20ROLE%20VALUES%20(1002%2C%20%27Role3%27)%3B%20%0A%20INSERT%20INTO%20ROLE%20VALUES%20(1003%2C%20%27Role4%27)%3B%20%0A%20INSERT%20INTO%20ROLE%20VALUES%20(1004%2C%20%27Role HTTP/1.1" 200 (4 ms)
[03/Jan/2020:03:44:19 +0200] 0:0:0:0:0:0:0:1 "GET /h2console/autoCompleteList.do?jsessionid=3a01f01c116ebf188e901c31952859e0&query=%20INSERT%20INTO%20ROLE%20VALUES%20(1001%2C%20%27Role2%27)%3B%20%0A%20INSERT%20INTO%20ROLE%20VALUES%20(1002%2C%20%27Role3%27)%3B%20%0A%20INSERT%20INTO%20ROLE%20VALUES%20(1003%2C%20%27Role4%27)%3B%20%0A%20INSERT%20INTO%20ROLE%20VALUES%20(1004%2C%20%27Role4 HTTP/1.1" 200 (0 ms)
[03/Jan/2020:03:44:22 +0200] 0:0:0:0:0:0:0:1 "POST /h2console/query.do?jsessionid=3a01f01c116ebf188e901c31952859e0 HTTP/1.1" 200 (3 ms)
[03/Jan/2020:03:44:22 +0200] 0:0:0:0:0:0:0:1 "GET /h2console/stylesheet.css HTTP/1.1" 304 (2 ms)
[03/Jan/2020:03:44:22 +0200] 0:0:0:0:0:0:0:1 "GET /h2console/table.js HTTP/1.1" 304 (1 ms)
[03/Jan/2020:03:44:40 +0200] 0:0:0:0:0:0:0:1 "GET /h2console/autoCompleteList.do?jsessionid=3a01f01c116ebf188e901c31952859e0&query= HTTP/1.1" 200 (0 ms)
[03/Jan/2020:03:44:44 +0200] 0:0:0:0:0:0:0:1 "GET /h2console/autoCompleteList.do?jsessionid=3a01f01c116ebf188e901c31952859e0&query=S HTTP/1.1" 200 (0 ms)
[03/Jan/2020:03:44:44 +0200] 0:0:0:0:0:0:0:1 "GET /h2console/autoCompleteList.do?jsessionid=3a01f01c116ebf188e901c31952859e0&query=SE HTTP/1.1" 200 (0 ms)
[03/Jan/2020:03:44:45 +0200] 0:0:0:0:0:0:0:1 "GET /h2console/autoCompleteList.do?jsessionid=3a01f01c116ebf188e901c31952859e0&query=SEL HTTP/1.1" 200 (0 ms)
[03/Jan/2020:03:44:46 +0200] 0:0:0:0:0:0:0:1 "GET /h2console/autoCompleteList.do?jsessionid=3a01f01c116ebf188e901c31952859e0&query=SELE HTTP/1.1" 200 (0 ms)
[03/Jan/2020:03:44:47 +0200] 0:0:0:0:0:0:0:1 "GET /h2console/autoCompleteList.do?jsessionid=3a01f01c116ebf188e901c31952859e0&query=SELEC HTTP/1.1" 200 (0 ms)
[03/Jan/2020:03:44:47 +0200] 0:0:0:0:0:0:0:1 "GET /h2console/autoCompleteList.do?jsessionid=3a01f01c116ebf188e901c31952859e0&query=SELECT HTTP/1.1" 200 (0 ms)
[03/Jan/2020:03:44:50 +0200] 0:0:0:0:0:0:0:1 "GET /h2console/autoCompleteList.do?jsessionid=3a01f01c116ebf188e901c31952859e0&query=SELECT%20 HTTP/1.1" 200 (0 ms)
[03/Jan/2020:03:44:57 +0200] 0:0:0:0:0:0:0:1 "GET /h2console/autoCompleteList.do?jsessionid=3a01f01c116ebf188e901c31952859e0&query=SELECT%20* HTTP/1.1" 200 (0 ms)
[03/Jan/2020:03:44:59 +0200] 0:0:0:0:0:0:0:1 "GET /h2console/autoCompleteList.do?jsessionid=3a01f01c116ebf188e901c31952859e0&query=SELECT%20*%20 HTTP/1.1" 200 (0 ms)
[03/Jan/2020:03:45:00 +0200] 0:0:0:0:0:0:0:1 "GET /h2console/autoCompleteList.do?jsessionid=3a01f01c116ebf188e901c31952859e0&query=SELECT%20*%20F HTTP/1.1" 200 (0 ms)
[03/Jan/2020:03:45:01 +0200] 0:0:0:0:0:0:0:1 "GET /h2console/autoCompleteList.do?jsessionid=3a01f01c116ebf188e901c31952859e0&query=SELECT%20*%20FR HTTP/1.1" 200 (0 ms)
[03/Jan/2020:03:45:01 +0200] 0:0:0:0:0:0:0:1 "GET /h2console/autoCompleteList.do?jsessionid=3a01f01c116ebf188e901c31952859e0&query=SELECT%20*%20FRO HTTP/1.1" 200 (0 ms)
[03/Jan/2020:03:45:02 +0200] 0:0:0:0:0:0:0:1 "GET /h2console/autoCompleteList.do?jsessionid=3a01f01c116ebf188e901c31952859e0&query=SELECT%20*%20FROM HTTP/1.1" 200 (0 ms)
[03/Jan/2020:03:45:03 +0200] 0:0:0:0:0:0:0:1 "GET /h2console/autoCompleteList.do?jsessionid=3a01f01c116ebf188e901c31952859e0&query=SELECT%20*%20FROME HTTP/1.1" 200 (0 ms)
[03/Jan/2020:03:45:04 +0200] 0:0:0:0:0:0:0:1 "GET /h2console/autoCompleteList.do?jsessionid=3a01f01c116ebf188e901c31952859e0&query=SELECT%20*%20FROME%20 HTTP/1.1" 200 (0 ms)
[03/Jan/2020:03:45:06 +0200] 0:0:0:0:0:0:0:1 "GET /h2console/autoCompleteList.do?jsessionid=3a01f01c116ebf188e901c31952859e0&query=SELECT%20*%20FROME HTTP/1.1" 200 (0 ms)
[03/Jan/2020:03:45:06 +0200] 0:0:0:0:0:0:0:1 "GET /h2console/autoCompleteList.do?jsessionid=3a01f01c116ebf188e901c31952859e0&query=SELECT%20*%20FROM HTTP/1.1" 200 (0 ms)
[03/Jan/2020:03:45:06 +0200] 0:0:0:0:0:0:0:1 "GET /h2console/autoCompleteList.do?jsessionid=3a01f01c116ebf188e901c31952859e0&query=SELECT%20*%20FROM%20 HTTP/1.1" 200 (0 ms)
[03/Jan/2020:03:45:07 +0200] 0:0:0:0:0:0:0:1 "GET /h2console/autoCompleteList.do?jsessionid=3a01f01c116ebf188e901c31952859e0&query=SELECT%20*%20FROM%20R HTTP/1.1" 200 (0 ms)
[03/Jan/2020:03:45:08 +0200] 0:0:0:0:0:0:0:1 "GET /h2console/autoCompleteList.do?jsessionid=3a01f01c116ebf188e901c31952859e0&query=SELECT%20*%20FROM%20RO HTTP/1.1" 200 (0 ms)
[03/Jan/2020:03:45:08 +0200] 0:0:0:0:0:0:0:1 "GET /h2console/autoCompleteList.do?jsessionid=3a01f01c116ebf188e901c31952859e0&query=SELECT%20*%20FROM%20ROL HTTP/1.1" 200 (0 ms)
[03/Jan/2020:03:45:09 +0200] 0:0:0:0:0:0:0:1 "GET /h2console/autoCompleteList.do?jsessionid=3a01f01c116ebf188e901c31952859e0&query=SELECT%20*%20FROM%20ROLE HTTP/1.1" 200 (0 ms)
[03/Jan/2020:03:45:12 +0200] 0:0:0:0:0:0:0:1 "POST /h2console/query.do?jsessionid=3a01f01c116ebf188e901c31952859e0 HTTP/1.1" 200 (8 ms)
[03/Jan/2020:03:45:12 +0200] 0:0:0:0:0:0:0:1 "GET /h2console/stylesheet.css HTTP/1.1" 304 (1 ms)
[03/Jan/2020:03:45:12 +0200] 0:0:0:0:0:0:0:1 "GET /h2console/table.js HTTP/1.1" 304 (0 ms)
[03/Jan/2020:03:47:16 +0200] 0:0:0:0:0:0:0:1 "GET /h2console/login.do?jsessionid=3a01f01c116ebf188e901c31952859e0 HTTP/1.1" 200 (168 ms)
[03/Jan/2020:03:53:07 +0200] 0:0:0:0:0:0:0:1 "GET / HTTP/1.1" 200 (24 ms)
[03/Jan/2020:03:53:21 +0200] 0:0:0:0:0:0:0:1 "GET /role HTTP/1.1" 200 (474 ms)
[03/Jan/2020:03:54:24 +0200] 0:0:0:0:0:0:0:1 "POST /h2console/login.do?jsessionid=3a01f01c116ebf188e901c31952859e0 HTTP/1.1" 200 (64 ms)
[03/Jan/2020:03:54:24 +0200] 0:0:0:0:0:0:0:1 "GET /h2console/stylesheet.css HTTP/1.1" 200 (12 ms)
[03/Jan/2020:03:54:24 +0200] 0:0:0:0:0:0:0:1 "GET /h2console/login.jsp?jsessionid=9627b1786a12a38af4466dccd44abf4a HTTP/1.1" 200 (4 ms)
[03/Jan/2020:03:54:24 +0200] 0:0:0:0:0:0:0:1 "GET /h2console/background.gif HTTP/1.1" 200 (6 ms)
[03/Jan/2020:03:54:28 +0200] 0:0:0:0:0:0:0:1 "POST /h2console/login.do?jsessionid=9627b1786a12a38af4466dccd44abf4a HTTP/1.1" 200 (11 ms)
[03/Jan/2020:03:54:28 +0200] 0:0:0:0:0:0:0:1 "GET /h2console/header.jsp?jsessionid=9627b1786a12a38af4466dccd44abf4a HTTP/1.1" 200 (14 ms)
[03/Jan/2020:03:54:28 +0200] 0:0:0:0:0:0:0:1 "GET /h2console/help.jsp?jsessionid=9627b1786a12a38af4466dccd44abf4a HTTP/1.1" 200 (8 ms)
[03/Jan/2020:03:54:28 +0200] 0:0:0:0:0:0:0:1 "GET /h2console/query.jsp?jsessionid=9627b1786a12a38af4466dccd44abf4a HTTP/1.1" 200 (14 ms)
[03/Jan/2020:03:54:28 +0200] 0:0:0:0:0:0:0:1 "GET /h2console/icon_line.gif HTTP/1.1" 200 (7 ms)
[03/Jan/2020:03:54:28 +0200] 0:0:0:0:0:0:0:1 "GET /h2console/icon_disconnect.gif HTTP/1.1" 200 (11 ms)
[03/Jan/2020:03:54:28 +0200] 0:0:0:0:0:0:0:1 "GET /h2console/icon_refresh.gif HTTP/1.1" 200 (7 ms)
[03/Jan/2020:03:54:28 +0200] 0:0:0:0:0:0:0:1 "GET /h2console/icon_rollback.gif HTTP/1.1" 200 (8 ms)
[03/Jan/2020:03:54:28 +0200] 0:0:0:0:0:0:0:1 "GET /h2console/icon_stop.gif HTTP/1.1" 200 (8 ms)
[03/Jan/2020:03:54:28 +0200] 0:0:0:0:0:0:0:1 "GET /h2console/icon_run_selected.gif HTTP/1.1" 200 (9 ms)
[03/Jan/2020:03:54:28 +0200] 0:0:0:0:0:0:0:1 "GET /h2console/icon_history.gif HTTP/1.1" 200 (12 ms)
[03/Jan/2020:03:54:28 +0200] 0:0:0:0:0:0:0:1 "GET /h2console/icon_commit.gif HTTP/1.1" 200 (22 ms)
[03/Jan/2020:03:54:28 +0200] 0:0:0:0:0:0:0:1 "GET /h2console/icon_help.gif HTTP/1.1" 200 (9 ms)
[03/Jan/2020:03:54:28 +0200] 0:0:0:0:0:0:0:1 "GET /h2console/icon_run.gif HTTP/1.1" 200 (26 ms)
[03/Jan/2020:03:54:28 +0200] 0:0:0:0:0:0:0:1 "GET /h2console/tables.do?jsessionid=9627b1786a12a38af4466dccd44abf4a HTTP/1.1" 200 (228 ms)
[03/Jan/2020:03:54:28 +0200] 0:0:0:0:0:0:0:1 "GET /h2console/tree.js HTTP/1.1" 200 (7 ms)
[03/Jan/2020:03:54:28 +0200] 0:0:0:0:0:0:0:1 "GET /h2console/tree_plus.gif HTTP/1.1" 200 (8 ms)
[03/Jan/2020:03:54:28 +0200] 0:0:0:0:0:0:0:1 "GET /h2console/tree_database.gif HTTP/1.1" 200 (5 ms)
[03/Jan/2020:03:54:28 +0200] 0:0:0:0:0:0:0:1 "GET /h2console/tree_minus.gif HTTP/1.1" 200 (17 ms)
[03/Jan/2020:03:54:28 +0200] 0:0:0:0:0:0:0:1 "GET /h2console/tree_column.gif HTTP/1.1" 200 (8 ms)
[03/Jan/2020:03:54:28 +0200] 0:0:0:0:0:0:0:1 "GET /h2console/tree_table.gif HTTP/1.1" 200 (13 ms)
[03/Jan/2020:03:54:28 +0200] 0:0:0:0:0:0:0:1 "GET /h2console/tree_empty.gif HTTP/1.1" 200 (9 ms)
[03/Jan/2020:03:54:28 +0200] 0:0:0:0:0:0:0:1 "GET /h2console/tree_index.gif HTTP/1.1" 200 (6 ms)
[03/Jan/2020:03:54:28 +0200] 0:0:0:0:0:0:0:1 "GET /h2console/tree_index_az.gif HTTP/1.1" 200 (7 ms)
[03/Jan/2020:03:54:28 +0200] 0:0:0:0:0:0:0:1 "GET /h2console/tree_type.gif HTTP/1.1" 200 (12 ms)
[03/Jan/2020:03:54:29 +0200] 0:0:0:0:0:0:0:1 "GET /h2console/tree_folder.gif HTTP/1.1" 200 (7 ms)
[03/Jan/2020:03:54:29 +0200] 0:0:0:0:0:0:0:1 "GET /h2console/tree_sequence.gif HTTP/1.1" 200 (6 ms)
[03/Jan/2020:03:54:29 +0200] 0:0:0:0:0:0:0:1 "GET /h2console/tree_sequences.gif HTTP/1.1" 200 (7 ms)
[03/Jan/2020:03:54:29 +0200] 0:0:0:0:0:0:0:1 "GET /h2console/tree_users.gif HTTP/1.1" 200 (6 ms)
[03/Jan/2020:03:54:29 +0200] 0:0:0:0:0:0:0:1 "GET /h2console/tree_user.gif HTTP/1.1" 200 (8 ms)
[03/Jan/2020:03:54:29 +0200] 0:0:0:0:0:0:0:1 "GET /h2console/tree_info.gif HTTP/1.1" 200 (5 ms)
[03/Jan/2020:03:54:38 +0200] 0:0:0:0:0:0:0:1 "POST /h2console/query.do?jsessionid=9627b1786a12a38af4466dccd44abf4a HTTP/1.1" 200 (13 ms)
[03/Jan/2020:03:54:38 +0200] 0:0:0:0:0:0:0:1 "GET /h2console/stylesheet.css HTTP/1.1" 304 (3 ms)
[03/Jan/2020:03:54:38 +0200] 0:0:0:0:0:0:0:1 "GET /h2console/table.js HTTP/1.1" 200 (6 ms)
[03/Jan/2020:03:54:43 +0200] 0:0:0:0:0:0:0:1 "POST /h2console/query.do?jsessionid=9627b1786a12a38af4466dccd44abf4a HTTP/1.1" 200 (2 ms)
[03/Jan/2020:03:54:43 +0200] 0:0:0:0:0:0:0:1 "GET /h2console/ico_add.gif HTTP/1.1" 200 (6 ms)
[03/Jan/2020:03:54:46 +0200] 0:0:0:0:0:0:0:1 "GET /h2console/ico_ok.gif HTTP/1.1" 200 (5 ms)
[03/Jan/2020:03:54:46 +0200] 0:0:0:0:0:0:0:1 "GET /h2console/ico_undo.gif HTTP/1.1" 200 (4 ms)
[03/Jan/2020:03:55:05 +0200] 0:0:0:0:0:0:0:1 "POST /h2console/editResult.do?jsessionid=9627b1786a12a38af4466dccd44abf4a HTTP/1.1" 200 (7 ms)
[03/Jan/2020:03:55:05 +0200] 0:0:0:0:0:0:0:1 "GET /h2console/stylesheet.css HTTP/1.1" 304 (2 ms)
[03/Jan/2020:03:55:05 +0200] 0:0:0:0:0:0:0:1 "GET /h2console/table.js HTTP/1.1" 304 (1 ms)
[03/Jan/2020:03:55:05 +0200] 0:0:0:0:0:0:0:1 "GET /h2console/ico_write.gif HTTP/1.1" 200 (7 ms)
[03/Jan/2020:03:55:05 +0200] 0:0:0:0:0:0:0:1 "GET /h2console/ico_remove.gif HTTP/1.1" 200 (7 ms)
[03/Jan/2020:03:55:05 +0200] 0:0:0:0:0:0:0:1 "GET /h2console/ico_add.gif HTTP/1.1" 304 (1 ms)
[03/Jan/2020:03:55:40 +0200] 0:0:0:0:0:0:0:1 "GET /h2console/ico_ok.gif HTTP/1.1" 304 (1 ms)
[03/Jan/2020:03:55:40 +0200] 0:0:0:0:0:0:0:1 "GET /h2console/ico_undo.gif HTTP/1.1" 304 (2 ms)
[03/Jan/2020:03:55:57 +0200] 0:0:0:0:0:0:0:1 "POST /h2console/editResult.do?jsessionid=9627b1786a12a38af4466dccd44abf4a HTTP/1.1" 200 (4 ms)
[03/Jan/2020:03:55:57 +0200] 0:0:0:0:0:0:0:1 "GET /h2console/stylesheet.css HTTP/1.1" 304 (3 ms)
[03/Jan/2020:03:55:57 +0200] 0:0:0:0:0:0:0:1 "GET /h2console/table.js HTTP/1.1" 304 (4 ms)
[03/Jan/2020:03:55:57 +0200] 0:0:0:0:0:0:0:1 "GET /h2console/ico_write.gif HTTP/1.1" 304 (2 ms)
[03/Jan/2020:03:55:57 +0200] 0:0:0:0:0:0:0:1 "GET /h2console/ico_remove.gif HTTP/1.1" 304 (1 ms)
[03/Jan/2020:03:55:57 +0200] 0:0:0:0:0:0:0:1 "GET /h2console/ico_add.gif HTTP/1.1" 304 (2 ms)
[03/Jan/2020:03:56:15 +0200] 0:0:0:0:0:0:0:1 "GET /role HTTP/1.1" 200 (234 ms)
[03/Jan/2020:03:57:22 +0200] 0:0:0:0:0:0:0:1 "GET /role HTTP/1.1" 200 (23 ms)
[03/Jan/2020:04:06:18 +0200] 0:0:0:0:0:0:0:1 "GET /role/count HTTP/1.1" 404 (202 ms)
[03/Jan/2020:04:06:57 +0200] 0:0:0:0:0:0:0:1 "GET /role/count HTTP/1.1" 200 (284 ms)
[03/Jan/2020:04:07:10 +0200] 0:0:0:0:0:0:0:1 "POST /h2console/login.do?jsessionid=9627b1786a12a38af4466dccd44abf4a HTTP/1.1" 200 (31 ms)
[03/Jan/2020:04:07:10 +0200] 0:0:0:0:0:0:0:1 "GET /h2console/stylesheet.css HTTP/1.1" 200 (8 ms)
[03/Jan/2020:04:07:10 +0200] 0:0:0:0:0:0:0:1 "GET /h2console/login.jsp?jsessionid=fcd1b35dc1332c4c91c2cb7c713b70b9 HTTP/1.1" 200 (6 ms)
[03/Jan/2020:04:07:10 +0200] 0:0:0:0:0:0:0:1 "GET /h2console/background.gif HTTP/1.1" 200 (9 ms)
[03/Jan/2020:04:07:13 +0200] 0:0:0:0:0:0:0:1 "POST /h2console/login.do?jsessionid=fcd1b35dc1332c4c91c2cb7c713b70b9 HTTP/1.1" 200 (10 ms)
[03/Jan/2020:04:07:13 +0200] 0:0:0:0:0:0:0:1 "GET /h2console/header.jsp?jsessionid=fcd1b35dc1332c4c91c2cb7c713b70b9 HTTP/1.1" 200 (12 ms)
[03/Jan/2020:04:07:13 +0200] 0:0:0:0:0:0:0:1 "GET /h2console/help.jsp?jsessionid=fcd1b35dc1332c4c91c2cb7c713b70b9 HTTP/1.1" 200 (5 ms)
[03/Jan/2020:04:07:13 +0200] 0:0:0:0:0:0:0:1 "GET /h2console/query.jsp?jsessionid=fcd1b35dc1332c4c91c2cb7c713b70b9 HTTP/1.1" 200 (9 ms)
[03/Jan/2020:04:07:13 +0200] 0:0:0:0:0:0:0:1 "GET /h2console/icon_line.gif HTTP/1.1" 200 (7 ms)
[03/Jan/2020:04:07:13 +0200] 0:0:0:0:0:0:0:1 "GET /h2console/icon_disconnect.gif HTTP/1.1" 200 (14 ms)
[03/Jan/2020:04:07:13 +0200] 0:0:0:0:0:0:0:1 "GET /h2console/icon_rollback.gif HTTP/1.1" 200 (15 ms)
[03/Jan/2020:04:07:13 +0200] 0:0:0:0:0:0:0:1 "GET /h2console/icon_run.gif HTTP/1.1" 200 (7 ms)
[03/Jan/2020:04:07:13 +0200] 0:0:0:0:0:0:0:1 "GET /h2console/icon_refresh.gif HTTP/1.1" 200 (18 ms)
[03/Jan/2020:04:07:13 +0200] 0:0:0:0:0:0:0:1 "GET /h2console/icon_commit.gif HTTP/1.1" 200 (17 ms)
[03/Jan/2020:04:07:13 +0200] 0:0:0:0:0:0:0:1 "GET /h2console/icon_run_selected.gif HTTP/1.1" 200 (9 ms)
[03/Jan/2020:04:07:13 +0200] 0:0:0:0:0:0:0:1 "GET /h2console/icon_help.gif HTTP/1.1" 200 (13 ms)
[03/Jan/2020:04:07:13 +0200] 0:0:0:0:0:0:0:1 "GET /h2console/icon_history.gif HTTP/1.1" 200 (15 ms)
[03/Jan/2020:04:07:13 +0200] 0:0:0:0:0:0:0:1 "GET /h2console/icon_stop.gif HTTP/1.1" 200 (17 ms)
[03/Jan/2020:04:07:13 +0200] 0:0:0:0:0:0:0:1 "GET /h2console/tables.do?jsessionid=fcd1b35dc1332c4c91c2cb7c713b70b9 HTTP/1.1" 200 (152 ms)
[03/Jan/2020:04:07:13 +0200] 0:0:0:0:0:0:0:1 "GET /h2console/tree.js HTTP/1.1" 200 (4 ms)
[03/Jan/2020:04:07:13 +0200] 0:0:0:0:0:0:0:1 "GET /h2console/tree_plus.gif HTTP/1.1" 200 (9 ms)
[03/Jan/2020:04:07:13 +0200] 0:0:0:0:0:0:0:1 "GET /h2console/tree_minus.gif HTTP/1.1" 200 (14 ms)
[03/Jan/2020:04:07:13 +0200] 0:0:0:0:0:0:0:1 "GET /h2console/tree_database.gif HTTP/1.1" 200 (8 ms)
[03/Jan/2020:04:07:13 +0200] 0:0:0:0:0:0:0:1 "GET /h2console/tree_table.gif HTTP/1.1" 200 (10 ms)
[03/Jan/2020:04:07:13 +0200] 0:0:0:0:0:0:0:1 "GET /h2console/tree_column.gif HTTP/1.1" 200 (8 ms)
[03/Jan/2020:04:07:13 +0200] 0:0:0:0:0:0:0:1 "GET /h2console/tree_empty.gif HTTP/1.1" 200 (11 ms)
[03/Jan/2020:04:07:13 +0200] 0:0:0:0:0:0:0:1 "GET /h2console/tree_index_az.gif HTTP/1.1" 200 (6 ms)
[03/Jan/2020:04:07:13 +0200] 0:0:0:0:0:0:0:1 "GET /h2console/tree_type.gif HTTP/1.1" 200 (7 ms)
[03/Jan/2020:04:07:13 +0200] 0:0:0:0:0:0:0:1 "GET /h2console/tree_index.gif HTTP/1.1" 200 (4 ms)
[03/Jan/2020:04:07:13 +0200] 0:0:0:0:0:0:0:1 "GET /h2console/tree_folder.gif HTTP/1.1" 200 (6 ms)
[03/Jan/2020:04:07:13 +0200] 0:0:0:0:0:0:0:1 "GET /h2console/tree_sequence.gif HTTP/1.1" 200 (4 ms)
[03/Jan/2020:04:07:13 +0200] 0:0:0:0:0:0:0:1 "GET /h2console/tree_sequences.gif HTTP/1.1" 200 (7 ms)
[03/Jan/2020:04:07:13 +0200] 0:0:0:0:0:0:0:1 "GET /h2console/tree_users.gif HTTP/1.1" 200 (6 ms)
[03/Jan/2020:04:07:13 +0200] 0:0:0:0:0:0:0:1 "GET /h2console/tree_user.gif HTTP/1.1" 200 (8 ms)
[03/Jan/2020:04:07:13 +0200] 0:0:0:0:0:0:0:1 "GET /h2console/tree_info.gif HTTP/1.1" 200 (7 ms)
[03/Jan/2020:04:07:26 +0200] 0:0:0:0:0:0:0:1 "POST /h2console/query.do?jsessionid=fcd1b35dc1332c4c91c2cb7c713b70b9 HTTP/1.1" 200 (14 ms)
[03/Jan/2020:04:07:26 +0200] 0:0:0:0:0:0:0:1 "GET /h2console/stylesheet.css HTTP/1.1" 304 (2 ms)
[03/Jan/2020:04:07:26 +0200] 0:0:0:0:0:0:0:1 "GET /h2console/table.js HTTP/1.1" 200 (8 ms)
[03/Jan/2020:04:07:28 +0200] 0:0:0:0:0:0:0:1 "POST /h2console/query.do?jsessionid=fcd1b35dc1332c4c91c2cb7c713b70b9 HTTP/1.1" 200 (3 ms)
[03/Jan/2020:04:07:28 +0200] 0:0:0:0:0:0:0:1 "GET /h2console/ico_add.gif HTTP/1.1" 200 (4 ms)
[03/Jan/2020:04:07:35 +0200] 0:0:0:0:0:0:0:1 "GET /h2console/ico_ok.gif HTTP/1.1" 200 (4 ms)
[03/Jan/2020:04:07:35 +0200] 0:0:0:0:0:0:0:1 "GET /h2console/ico_undo.gif HTTP/1.1" 200 (4 ms)
[03/Jan/2020:04:07:54 +0200] 0:0:0:0:0:0:0:1 "POST /h2console/editResult.do?jsessionid=fcd1b35dc1332c4c91c2cb7c713b70b9 HTTP/1.1" 200 (8 ms)
[03/Jan/2020:04:07:54 +0200] 0:0:0:0:0:0:0:1 "GET /h2console/stylesheet.css HTTP/1.1" 304 (1 ms)
[03/Jan/2020:04:07:54 +0200] 0:0:0:0:0:0:0:1 "GET /h2console/table.js HTTP/1.1" 304 (1 ms)
[03/Jan/2020:04:07:54 +0200] 0:0:0:0:0:0:0:1 "GET /h2console/ico_remove.gif HTTP/1.1" 200 (4 ms)
[03/Jan/2020:04:07:54 +0200] 0:0:0:0:0:0:0:1 "GET /h2console/ico_add.gif HTTP/1.1" 304 (1 ms)
[03/Jan/2020:04:07:54 +0200] 0:0:0:0:0:0:0:1 "GET /h2console/ico_write.gif HTTP/1.1" 200 (7 ms)
[03/Jan/2020:04:07:56 +0200] 0:0:0:0:0:0:0:1 "GET /h2console/ico_ok.gif HTTP/1.1" 304 (3 ms)
[03/Jan/2020:04:07:56 +0200] 0:0:0:0:0:0:0:1 "GET /h2console/ico_undo.gif HTTP/1.1" 304 (2 ms)
[03/Jan/2020:04:08:03 +0200] 0:0:0:0:0:0:0:1 "GET /role/count HTTP/1.1" 200 (7 ms)
[03/Jan/2020:04:08:19 +0200] 0:0:0:0:0:0:0:1 "GET /role/ HTTP/1.1" 200 (92 ms)
[03/Jan/2020:04:08:37 +0200] 0:0:0:0:0:0:0:1 "POST /h2console/editResult.do?jsessionid=fcd1b35dc1332c4c91c2cb7c713b70b9 HTTP/1.1" 200 (5 ms)
[03/Jan/2020:04:08:37 +0200] 0:0:0:0:0:0:0:1 "GET /h2console/stylesheet.css HTTP/1.1" 304 (3 ms)
[03/Jan/2020:04:08:37 +0200] 0:0:0:0:0:0:0:1 "GET /h2console/ico_write.gif HTTP/1.1" 304 (1 ms)
[03/Jan/2020:04:08:37 +0200] 0:0:0:0:0:0:0:1 "GET /h2console/ico_remove.gif HTTP/1.1" 304 (0 ms)
[03/Jan/2020:04:08:37 +0200] 0:0:0:0:0:0:0:1 "GET /h2console/table.js HTTP/1.1" 304 (3 ms)
[03/Jan/2020:04:08:37 +0200] 0:0:0:0:0:0:0:1 "GET /h2console/ico_add.gif HTTP/1.1" 304 (1 ms)
[03/Jan/2020:04:08:41 +0200] 0:0:0:0:0:0:0:1 "GET /h2console/ico_undo.gif HTTP/1.1" 304 (0 ms)
[03/Jan/2020:04:08:41 +0200] 0:0:0:0:0:0:0:1 "GET /h2console/ico_ok.gif HTTP/1.1" 304 (1 ms)
[03/Jan/2020:04:08:52 +0200] 0:0:0:0:0:0:0:1 "POST /h2console/editResult.do?jsessionid=fcd1b35dc1332c4c91c2cb7c713b70b9 HTTP/1.1" 200 (5 ms)
[03/Jan/2020:04:08:53 +0200] 0:0:0:0:0:0:0:1 "GET /h2console/stylesheet.css HTTP/1.1" 304 (3 ms)
[03/Jan/2020:04:08:53 +0200] 0:0:0:0:0:0:0:1 "GET /h2console/table.js HTTP/1.1" 304 (3 ms)
[03/Jan/2020:04:08:53 +0200] 0:0:0:0:0:0:0:1 "GET /h2console/ico_write.gif HTTP/1.1" 304 (3 ms)
[03/Jan/2020:04:08:53 +0200] 0:0:0:0:0:0:0:1 "GET /h2console/ico_remove.gif HTTP/1.1" 304 (3 ms)
[03/Jan/2020:04:08:53 +0200] 0:0:0:0:0:0:0:1 "GET /h2console/ico_add.gif HTTP/1.1" 304 (1 ms)
[03/Jan/2020:04:08:56 +0200] 0:0:0:0:0:0:0:1 "GET /h2console/ico_undo.gif HTTP/1.1" 304 (1 ms)
[03/Jan/2020:04:08:56 +0200] 0:0:0:0:0:0:0:1 "GET /h2console/ico_ok.gif HTTP/1.1" 304 (1 ms)
[03/Jan/2020:04:09:08 +0200] 0:0:0:0:0:0:0:1 "POST /h2console/editResult.do?jsessionid=fcd1b35dc1332c4c91c2cb7c713b70b9 HTTP/1.1" 200 (4 ms)
[03/Jan/2020:04:09:08 +0200] 0:0:0:0:0:0:0:1 "GET /h2console/table.js HTTP/1.1" 304 (1 ms)
[03/Jan/2020:04:09:08 +0200] 0:0:0:0:0:0:0:1 "GET /h2console/stylesheet.css HTTP/1.1" 304 (2 ms)
[03/Jan/2020:04:09:08 +0200] 0:0:0:0:0:0:0:1 "GET /h2console/ico_write.gif HTTP/1.1" 304 (1 ms)
[03/Jan/2020:04:09:08 +0200] 0:0:0:0:0:0:0:1 "GET /h2console/ico_remove.gif HTTP/1.1" 304 (0 ms)
[03/Jan/2020:04:09:08 +0200] 0:0:0:0:0:0:0:1 "GET /h2console/ico_add.gif HTTP/1.1" 304 (1 ms)
[03/Jan/2020:04:09:12 +0200] 0:0:0:0:0:0:0:1 "GET /h2console/ico_undo.gif HTTP/1.1" 304 (1 ms)
[03/Jan/2020:04:09:12 +0200] 0:0:0:0:0:0:0:1 "GET /h2console/ico_ok.gif HTTP/1.1" 304 (1 ms)
[03/Jan/2020:04:09:23 +0200] 0:0:0:0:0:0:0:1 "POST /h2console/editResult.do?jsessionid=fcd1b35dc1332c4c91c2cb7c713b70b9 HTTP/1.1" 200 (5 ms)
[03/Jan/2020:04:09:23 +0200] 0:0:0:0:0:0:0:1 "GET /h2console/stylesheet.css HTTP/1.1" 304 (1 ms)
[03/Jan/2020:04:09:23 +0200] 0:0:0:0:0:0:0:1 "GET /h2console/ico_write.gif HTTP/1.1" 304 (2 ms)
[03/Jan/2020:04:09:23 +0200] 0:0:0:0:0:0:0:1 "GET /h2console/table.js HTTP/1.1" 304 (2 ms)
[03/Jan/2020:04:09:23 +0200] 0:0:0:0:0:0:0:1 "GET /h2console/ico_remove.gif HTTP/1.1" 304 (2 ms)
[03/Jan/2020:04:09:23 +0200] 0:0:0:0:0:0:0:1 "GET /h2console/ico_add.gif HTTP/1.1" 304 (2 ms)
[03/Jan/2020:04:09:32 +0200] 0:0:0:0:0:0:0:1 "GET /role/ HTTP/1.1" 200 (9 ms)
[03/Jan/2020:04:09:48 +0200] 0:0:0:0:0:0:0:1 "GET /role/count HTTP/1.1" 200 (6 ms)
[03/Jan/2020:14:25:27 +0200] 0:0:0:0:0:0:0:1 "GET /role/count HTTP/1.1" 200 (524 ms)
[03/Jan/2020:14:27:47 +0200] 0:0:0:0:0:0:0:1 "GET /role/ HTTP/1.1" 200 (256 ms)
[03/Jan/2020:15:44:23 +0200] 0:0:0:0:0:0:0:1 "GET / HTTP/1.1" 200 (916 ms)
[03/Jan/2020:15:44:23 +0200] 0:0:0:0:0:0:0:1 "GET /favicon.ico HTTP/1.1" 404 (194 ms)
