[04/Jan/2020:01:37:07 +0200] 0:0:0:0:0:0:0:1 "GET /role/ HTTP/1.1" 404 (1351 ms)
[04/Jan/2020:01:37:30 +0200] 0:0:0:0:0:0:0:1 "GET / HTTP/1.1" 200 (36 ms)
[04/Jan/2020:01:37:35 +0200] 0:0:0:0:0:0:0:1 "GET / HTTP/1.1" 200 (12 ms)
[04/Jan/2020:01:37:48 +0200] 0:0:0:0:0:0:0:1 "GET /role HTTP/1.1" 404 (24 ms)
[04/Jan/2020:01:39:24 +0200] 0:0:0:0:0:0:0:1 "GET /role/ HTTP/1.1" 200 (1272 ms)
[04/Jan/2020:01:40:04 +0200] 0:0:0:0:0:0:0:1 "GET /role HTTP/1.1" 200 (26 ms)
[04/Jan/2020:01:57:05 +0200] 0:0:0:0:0:0:0:1 "GET /role/ HTTP/1.1" 200 (481 ms)
[04/Jan/2020:02:04:31 +0200] 0:0:0:0:0:0:0:1 "GET /role/ HTTP/1.1" 404 (282 ms)
[04/Jan/2020:02:04:49 +0200] 0:0:0:0:0:0:0:1 "GET /role/list HTTP/1.1" 200 (147 ms)
[04/Jan/2020:02:12:30 +0200] 0:0:0:0:0:0:0:1 "GET /role/list HTTP/1.1" 200 (401 ms)
[04/Jan/2020:03:29:54 +0200] 0:0:0:0:0:0:0:1 "GET /role/list HTTP/1.1" 200 (412 ms)
[04/Jan/2020:04:14:31 +0200] 0:0:0:0:0:0:0:1 "GET /category/add HTTP/1.1" 404 (76 ms)
[04/Jan/2020:04:14:54 +0200] 0:0:0:0:0:0:0:1 "GET /category/add-category HTTP/1.1" 404 (13 ms)
[04/Jan/2020:04:15:39 +0200] 0:0:0:0:0:0:0:1 "GET /category/add-category HTTP/1.1" 404 (77 ms)
[04/Jan/2020:04:15:49 +0200] 0:0:0:0:0:0:0:1 "GET /category/add HTTP/1.1" 404 (23 ms)
[04/Jan/2020:04:16:05 +0200] 0:0:0:0:0:0:0:1 "GET /category/ HTTP/1.1" 404 (46 ms)
[04/Jan/2020:04:16:22 +0200] 0:0:0:0:0:0:0:1 "GET / HTTP/1.1" 200 (159 ms)
[04/Jan/2020:04:16:32 +0200] 0:0:0:0:0:0:0:1 "GET /category HTTP/1.1" 404 (13 ms)
[04/Jan/2020:04:17:32 +0200] 0:0:0:0:0:0:0:1 "GET /category/ HTTP/1.1" 404 (8 ms)
[04/Jan/2020:04:17:54 +0200] 0:0:0:0:0:0:0:1 "GET /category/ HTTP/1.1" 404 (87 ms)
[04/Jan/2020:04:18:04 +0200] 0:0:0:0:0:0:0:1 "GET /category/add HTTP/1.1" 404 (65 ms)
[04/Jan/2020:04:18:15 +0200] 0:0:0:0:0:0:0:1 "GET /category/add-category HTTP/1.1" 404 (851 ms)
[04/Jan/2020:04:18:24 +0200] 0:0:0:0:0:0:0:1 "GET /category HTTP/1.1" 404 (11 ms)
[04/Jan/2020:04:49:59 +0200] 0:0:0:0:0:0:0:1 "GET /category HTTP/1.1" 404 (16 ms)
[04/Jan/2020:05:07:40 +0200] 0:0:0:0:0:0:0:1 "GET / HTTP/1.1" 200 (289 ms)
[04/Jan/2020:05:07:51 +0200] 0:0:0:0:0:0:0:1 "GET /category HTTP/1.1" 404 (27 ms)
[04/Jan/2020:05:17:27 +0200] 0:0:0:0:0:0:0:1 "GET / HTTP/1.1" 200 (15 ms)
[04/Jan/2020:05:17:39 +0200] 0:0:0:0:0:0:0:1 "GET /login HTTP/1.1" 404 (16 ms)
[04/Jan/2020:05:17:49 +0200] 0:0:0:0:0:0:0:1 "GET /h2console HTTP/1.1" 302 (145 ms)
[04/Jan/2020:05:17:49 +0200] 0:0:0:0:0:0:0:1 "GET /h2console/ HTTP/1.1" 200 (36 ms)
[04/Jan/2020:05:17:49 +0200] 0:0:0:0:0:0:0:1 "GET /h2console/stylesheet.css HTTP/1.1" 200 (45 ms)
[04/Jan/2020:05:17:49 +0200] 0:0:0:0:0:0:0:1 "GET /h2console/login.jsp?jsessionid=12cbfa3820bdedd742adc95b85795007 HTTP/1.1" 200 (0 ms)
[04/Jan/2020:05:17:49 +0200] 0:0:0:0:0:0:0:1 "GET /h2console/background.gif HTTP/1.1" 200 (4 ms)
[04/Jan/2020:05:17:53 +0200] 0:0:0:0:0:0:0:1 "POST /h2console/login.do?jsessionid=12cbfa3820bdedd742adc95b85795007 HTTP/1.1" 200 (14 ms)
[04/Jan/2020:05:17:53 +0200] 0:0:0:0:0:0:0:1 "GET /h2console/header.jsp?jsessionid=12cbfa3820bdedd742adc95b85795007 HTTP/1.1" 200 (13 ms)
[04/Jan/2020:05:17:53 +0200] 0:0:0:0:0:0:0:1 "GET /h2console/help.jsp?jsessionid=12cbfa3820bdedd742adc95b85795007 HTTP/1.1" 200 (10 ms)
[04/Jan/2020:05:17:53 +0200] 0:0:0:0:0:0:0:1 "GET /h2console/query.jsp?jsessionid=12cbfa3820bdedd742adc95b85795007 HTTP/1.1" 200 (24 ms)
[04/Jan/2020:05:17:54 +0200] 0:0:0:0:0:0:0:1 "GET /h2console/icon_line.gif HTTP/1.1" 200 (41 ms)
[04/Jan/2020:05:17:54 +0200] 0:0:0:0:0:0:0:1 "GET /h2console/icon_disconnect.gif HTTP/1.1" 200 (45 ms)
[04/Jan/2020:05:17:54 +0200] 0:0:0:0:0:0:0:1 "GET /h2console/icon_rollback.gif HTTP/1.1" 200 (79 ms)
[04/Jan/2020:05:17:54 +0200] 0:0:0:0:0:0:0:1 "GET /h2console/icon_refresh.gif HTTP/1.1" 200 (79 ms)
[04/Jan/2020:05:17:54 +0200] 0:0:0:0:0:0:0:1 "GET /h2console/icon_run.gif HTTP/1.1" 200 (39 ms)
[04/Jan/2020:05:17:54 +0200] 0:0:0:0:0:0:0:1 "GET /h2console/icon_commit.gif HTTP/1.1" 200 (45 ms)
[04/Jan/2020:05:17:54 +0200] 0:0:0:0:0:0:0:1 "GET /h2console/icon_help.gif HTTP/1.1" 200 (19 ms)
[04/Jan/2020:05:17:54 +0200] 0:0:0:0:0:0:0:1 "GET /h2console/icon_history.gif HTTP/1.1" 200 (10 ms)
[04/Jan/2020:05:17:54 +0200] 0:0:0:0:0:0:0:1 "GET /h2console/icon_stop.gif HTTP/1.1" 200 (20 ms)
[04/Jan/2020:05:17:54 +0200] 0:0:0:0:0:0:0:1 "GET /h2console/icon_run_selected.gif HTTP/1.1" 200 (20 ms)
[04/Jan/2020:05:17:54 +0200] 0:0:0:0:0:0:0:1 "GET /h2console/tables.do?jsessionid=12cbfa3820bdedd742adc95b85795007 HTTP/1.1" 200 (394 ms)
[04/Jan/2020:05:17:54 +0200] 0:0:0:0:0:0:0:1 "GET /h2console/tree.js HTTP/1.1" 200 (4 ms)
[04/Jan/2020:05:17:54 +0200] 0:0:0:0:0:0:0:1 "GET /h2console/tree_minus.gif HTTP/1.1" 200 (7 ms)
[04/Jan/2020:05:17:54 +0200] 0:0:0:0:0:0:0:1 "GET /h2console/tree_plus.gif HTTP/1.1" 200 (5 ms)
[04/Jan/2020:05:17:54 +0200] 0:0:0:0:0:0:0:1 "GET /h2console/tree_database.gif HTTP/1.1" 200 (7 ms)
[04/Jan/2020:05:17:54 +0200] 0:0:0:0:0:0:0:1 "GET /h2console/tree_table.gif HTTP/1.1" 200 (7 ms)
[04/Jan/2020:05:17:54 +0200] 0:0:0:0:0:0:0:1 "GET /h2console/tree_column.gif HTTP/1.1" 200 (6 ms)
[04/Jan/2020:05:17:54 +0200] 0:0:0:0:0:0:0:1 "GET /h2console/tree_empty.gif HTTP/1.1" 200 (6 ms)
[04/Jan/2020:05:17:54 +0200] 0:0:0:0:0:0:0:1 "GET /h2console/tree_index_az.gif HTTP/1.1" 200 (3 ms)
[04/Jan/2020:05:17:54 +0200] 0:0:0:0:0:0:0:1 "GET /h2console/tree_type.gif HTTP/1.1" 200 (6 ms)
[04/Jan/2020:05:17:54 +0200] 0:0:0:0:0:0:0:1 "GET /h2console/tree_index.gif HTTP/1.1" 200 (4 ms)
[04/Jan/2020:05:17:54 +0200] 0:0:0:0:0:0:0:1 "GET /h2console/tree_folder.gif HTTP/1.1" 200 (8 ms)
[04/Jan/2020:05:17:54 +0200] 0:0:0:0:0:0:0:1 "GET /h2console/tree_users.gif HTTP/1.1" 200 (8 ms)
[04/Jan/2020:05:17:54 +0200] 0:0:0:0:0:0:0:1 "GET /h2console/tree_info.gif HTTP/1.1" 200 (10 ms)
[04/Jan/2020:05:17:54 +0200] 0:0:0:0:0:0:0:1 "GET /h2console/tree_sequences.gif HTTP/1.1" 200 (9 ms)
[04/Jan/2020:05:17:54 +0200] 0:0:0:0:0:0:0:1 "GET /h2console/tree_sequence.gif HTTP/1.1" 200 (7 ms)
[04/Jan/2020:05:17:54 +0200] 0:0:0:0:0:0:0:1 "GET /h2console/tree_user.gif HTTP/1.1" 200 (8 ms)
[04/Jan/2020:05:18:10 +0200] 0:0:0:0:0:0:0:1 "POST /h2console/query.do?jsessionid=12cbfa3820bdedd742adc95b85795007 HTTP/1.1" 200 (54 ms)
[04/Jan/2020:05:18:10 +0200] 0:0:0:0:0:0:0:1 "GET /h2console/stylesheet.css HTTP/1.1" 304 (1 ms)
[04/Jan/2020:05:18:10 +0200] 0:0:0:0:0:0:0:1 "GET /h2console/table.js HTTP/1.1" 200 (7 ms)
[04/Jan/2020:05:18:12 +0200] 0:0:0:0:0:0:0:1 "POST /h2console/query.do?jsessionid=12cbfa3820bdedd742adc95b85795007 HTTP/1.1" 200 (3 ms)
[04/Jan/2020:05:18:12 +0200] 0:0:0:0:0:0:0:1 "GET /h2console/ico_add.gif HTTP/1.1" 200 (3 ms)
[04/Jan/2020:05:18:16 +0200] 0:0:0:0:0:0:0:1 "GET /h2console/ico_undo.gif HTTP/1.1" 200 (4 ms)
[04/Jan/2020:05:18:16 +0200] 0:0:0:0:0:0:0:1 "GET /h2console/ico_ok.gif HTTP/1.1" 200 (4 ms)
[04/Jan/2020:05:18:43 +0200] 0:0:0:0:0:0:0:1 "POST /h2console/editResult.do?jsessionid=12cbfa3820bdedd742adc95b85795007 HTTP/1.1" 200 (50 ms)
[04/Jan/2020:05:18:43 +0200] 0:0:0:0:0:0:0:1 "GET /h2console/stylesheet.css HTTP/1.1" 304 (1 ms)
[04/Jan/2020:05:18:43 +0200] 0:0:0:0:0:0:0:1 "GET /h2console/ico_add.gif HTTP/1.1" 304 (3 ms)
[04/Jan/2020:05:18:43 +0200] 0:0:0:0:0:0:0:1 "GET /h2console/table.js HTTP/1.1" 304 (8 ms)
[04/Jan/2020:05:19:22 +0200] 0:0:0:0:0:0:0:1 "GET /h2console/ico_undo.gif HTTP/1.1" 304 (2 ms)
[04/Jan/2020:05:19:22 +0200] 0:0:0:0:0:0:0:1 "GET /h2console/ico_ok.gif HTTP/1.1" 304 (2 ms)
[04/Jan/2020:05:19:59 +0200] 0:0:0:0:0:0:0:1 "POST /h2console/editResult.do?jsessionid=12cbfa3820bdedd742adc95b85795007 HTTP/1.1" 200 (8 ms)
[04/Jan/2020:05:19:59 +0200] 0:0:0:0:0:0:0:1 "GET /h2console/stylesheet.css HTTP/1.1" 304 (2 ms)
[04/Jan/2020:05:19:59 +0200] 0:0:0:0:0:0:0:1 "GET /h2console/table.js HTTP/1.1" 304 (2 ms)
[04/Jan/2020:05:19:59 +0200] 0:0:0:0:0:0:0:1 "GET /h2console/ico_add.gif HTTP/1.1" 304 (3 ms)
[04/Jan/2020:05:20:29 +0200] 0:0:0:0:0:0:0:1 "POST /h2console/query.do?jsessionid=12cbfa3820bdedd742adc95b85795007 HTTP/1.1" 200 (2 ms)
[04/Jan/2020:05:20:29 +0200] 0:0:0:0:0:0:0:1 "GET /h2console/stylesheet.css HTTP/1.1" 304 (1 ms)
[04/Jan/2020:05:20:29 +0200] 0:0:0:0:0:0:0:1 "GET /h2console/table.js HTTP/1.1" 304 (1 ms)
[04/Jan/2020:05:20:36 +0200] 0:0:0:0:0:0:0:1 "POST /h2console/query.do?jsessionid=12cbfa3820bdedd742adc95b85795007 HTTP/1.1" 200 (5 ms)
[04/Jan/2020:05:20:38 +0200] 0:0:0:0:0:0:0:1 "POST /h2console/query.do?jsessionid=12cbfa3820bdedd742adc95b85795007 HTTP/1.1" 200 (4 ms)
[04/Jan/2020:05:20:38 +0200] 0:0:0:0:0:0:0:1 "GET /h2console/ico_add.gif HTTP/1.1" 304 (1 ms)
[04/Jan/2020:05:20:42 +0200] 0:0:0:0:0:0:0:1 "GET /h2console/ico_undo.gif HTTP/1.1" 304 (2 ms)
[04/Jan/2020:05:20:42 +0200] 0:0:0:0:0:0:0:1 "GET /h2console/ico_ok.gif HTTP/1.1" 304 (1 ms)
[04/Jan/2020:05:21:11 +0200] 0:0:0:0:0:0:0:1 "POST /h2console/login.do?jsessionid=12cbfa3820bdedd742adc95b85795007 HTTP/1.1" 200 (5 ms)
[04/Jan/2020:05:21:12 +0200] 0:0:0:0:0:0:0:1 "GET /h2console/stylesheet.css HTTP/1.1" 304 (4 ms)
[04/Jan/2020:05:21:12 +0200] 0:0:0:0:0:0:0:1 "GET /h2console/header.jsp?jsessionid=12cbfa3820bdedd742adc95b85795007 HTTP/1.1" 200 (2 ms)
[04/Jan/2020:05:21:12 +0200] 0:0:0:0:0:0:0:1 "GET /h2console/query.jsp?jsessionid=12cbfa3820bdedd742adc95b85795007 HTTP/1.1" 200 (3 ms)
[04/Jan/2020:05:21:12 +0200] 0:0:0:0:0:0:0:1 "GET /h2console/help.jsp?jsessionid=12cbfa3820bdedd742adc95b85795007 HTTP/1.1" 200 (1 ms)
[04/Jan/2020:05:21:12 +0200] 0:0:0:0:0:0:0:1 "GET /h2console/icon_disconnect.gif HTTP/1.1" 304 (1 ms)
[04/Jan/2020:05:21:12 +0200] 0:0:0:0:0:0:0:1 "GET /h2console/icon_line.gif HTTP/1.1" 304 (1 ms)
[04/Jan/2020:05:21:12 +0200] 0:0:0:0:0:0:0:1 "GET /h2console/icon_rollback.gif HTTP/1.1" 304 (3 ms)
[04/Jan/2020:05:21:12 +0200] 0:0:0:0:0:0:0:1 "GET /h2console/icon_refresh.gif HTTP/1.1" 304 (4 ms)
[04/Jan/2020:05:21:12 +0200] 0:0:0:0:0:0:0:1 "GET /h2console/icon_commit.gif HTTP/1.1" 304 (1 ms)
[04/Jan/2020:05:21:12 +0200] 0:0:0:0:0:0:0:1 "GET /h2console/icon_run.gif HTTP/1.1" 304 (1 ms)
[04/Jan/2020:05:21:12 +0200] 0:0:0:0:0:0:0:1 "GET /h2console/icon_run_selected.gif HTTP/1.1" 304 (1 ms)
[04/Jan/2020:05:21:12 +0200] 0:0:0:0:0:0:0:1 "GET /h2console/icon_stop.gif HTTP/1.1" 304 (1 ms)
[04/Jan/2020:05:21:12 +0200] 0:0:0:0:0:0:0:1 "GET /h2console/icon_history.gif HTTP/1.1" 304 (0 ms)
[04/Jan/2020:05:21:12 +0200] 0:0:0:0:0:0:0:1 "GET /h2console/icon_help.gif HTTP/1.1" 304 (5 ms)
[04/Jan/2020:05:21:12 +0200] 0:0:0:0:0:0:0:1 "GET /h2console/tables.do?jsessionid=12cbfa3820bdedd742adc95b85795007 HTTP/1.1" 200 (82 ms)
[04/Jan/2020:05:21:12 +0200] 0:0:0:0:0:0:0:1 "GET /h2console/tree.js HTTP/1.1" 304 (1 ms)
[04/Jan/2020:05:21:12 +0200] 0:0:0:0:0:0:0:1 "GET /h2console/tree_minus.gif HTTP/1.1" 304 (3 ms)
[04/Jan/2020:05:21:12 +0200] 0:0:0:0:0:0:0:1 "GET /h2console/tree_plus.gif HTTP/1.1" 304 (3 ms)
[04/Jan/2020:05:21:12 +0200] 0:0:0:0:0:0:0:1 "GET /h2console/tree_table.gif HTTP/1.1" 304 (1 ms)
[04/Jan/2020:05:21:12 +0200] 0:0:0:0:0:0:0:1 "GET /h2console/tree_database.gif HTTP/1.1" 304 (2 ms)
[04/Jan/2020:05:21:12 +0200] 0:0:0:0:0:0:0:1 "GET /h2console/tree_column.gif HTTP/1.1" 304 (1 ms)
[04/Jan/2020:05:21:12 +0200] 0:0:0:0:0:0:0:1 "GET /h2console/tree_empty.gif HTTP/1.1" 304 (2 ms)
[04/Jan/2020:05:21:12 +0200] 0:0:0:0:0:0:0:1 "GET /h2console/tree_type.gif HTTP/1.1" 304 (1 ms)
[04/Jan/2020:05:21:12 +0200] 0:0:0:0:0:0:0:1 "GET /h2console/tree_index_az.gif HTTP/1.1" 304 (1 ms)
[04/Jan/2020:05:21:12 +0200] 0:0:0:0:0:0:0:1 "GET /h2console/tree_index.gif HTTP/1.1" 304 (1 ms)
[04/Jan/2020:05:21:12 +0200] 0:0:0:0:0:0:0:1 "GET /h2console/tree_folder.gif HTTP/1.1" 304 (1 ms)
[04/Jan/2020:05:21:12 +0200] 0:0:0:0:0:0:0:1 "GET /h2console/tree_sequences.gif HTTP/1.1" 304 (1 ms)
[04/Jan/2020:05:21:12 +0200] 0:0:0:0:0:0:0:1 "GET /h2console/tree_sequence.gif HTTP/1.1" 304 (1 ms)
[04/Jan/2020:05:21:12 +0200] 0:0:0:0:0:0:0:1 "GET /h2console/tree_users.gif HTTP/1.1" 304 (1 ms)
[04/Jan/2020:05:21:12 +0200] 0:0:0:0:0:0:0:1 "GET /h2console/tree_user.gif HTTP/1.1" 304 (1 ms)
[04/Jan/2020:05:21:12 +0200] 0:0:0:0:0:0:0:1 "GET /h2console/tree_info.gif HTTP/1.1" 304 (1 ms)
[04/Jan/2020:05:21:18 +0200] 0:0:0:0:0:0:0:1 "POST /h2console/query.do?jsessionid=12cbfa3820bdedd742adc95b85795007 HTTP/1.1" 200 (3 ms)
[04/Jan/2020:05:21:18 +0200] 0:0:0:0:0:0:0:1 "GET /h2console/table.js HTTP/1.1" 304 (1 ms)
[04/Jan/2020:05:21:21 +0200] 0:0:0:0:0:0:0:1 "POST /h2console/query.do?jsessionid=12cbfa3820bdedd742adc95b85795007 HTTP/1.1" 200 (2 ms)
[04/Jan/2020:05:21:21 +0200] 0:0:0:0:0:0:0:1 "GET /h2console/stylesheet.css HTTP/1.1" 304 (1 ms)
[04/Jan/2020:05:21:21 +0200] 0:0:0:0:0:0:0:1 "GET /h2console/ico_add.gif HTTP/1.1" 304 (1 ms)
[04/Jan/2020:05:21:23 +0200] 0:0:0:0:0:0:0:1 "GET /h2console/ico_ok.gif HTTP/1.1" 304 (1 ms)
[04/Jan/2020:05:21:23 +0200] 0:0:0:0:0:0:0:1 "GET /h2console/ico_undo.gif HTTP/1.1" 304 (2 ms)
[04/Jan/2020:05:21:34 +0200] 0:0:0:0:0:0:0:1 "POST /h2console/editResult.do?jsessionid=12cbfa3820bdedd742adc95b85795007 HTTP/1.1" 200 (4 ms)
[04/Jan/2020:05:21:34 +0200] 0:0:0:0:0:0:0:1 "GET /h2console/table.js HTTP/1.1" 304 (2 ms)
[04/Jan/2020:05:21:34 +0200] 0:0:0:0:0:0:0:1 "GET /h2console/stylesheet.css HTTP/1.1" 304 (2 ms)
[04/Jan/2020:05:21:34 +0200] 0:0:0:0:0:0:0:1 "GET /h2console/ico_remove.gif HTTP/1.1" 200 (8 ms)
[04/Jan/2020:05:21:34 +0200] 0:0:0:0:0:0:0:1 "GET /h2console/ico_add.gif HTTP/1.1" 304 (2 ms)
[04/Jan/2020:05:21:34 +0200] 0:0:0:0:0:0:0:1 "GET /h2console/ico_write.gif HTTP/1.1" 200 (3 ms)
[04/Jan/2020:05:21:37 +0200] 0:0:0:0:0:0:0:1 "GET /h2console/ico_undo.gif HTTP/1.1" 304 (1 ms)
[04/Jan/2020:05:21:37 +0200] 0:0:0:0:0:0:0:1 "GET /h2console/ico_ok.gif HTTP/1.1" 304 (1 ms)
[04/Jan/2020:05:22:08 +0200] 0:0:0:0:0:0:0:1 "POST /h2console/editResult.do?jsessionid=12cbfa3820bdedd742adc95b85795007 HTTP/1.1" 200 (5 ms)
[04/Jan/2020:05:22:08 +0200] 0:0:0:0:0:0:0:1 "GET /h2console/stylesheet.css HTTP/1.1" 304 (1 ms)
[04/Jan/2020:05:22:08 +0200] 0:0:0:0:0:0:0:1 "GET /h2console/table.js HTTP/1.1" 304 (0 ms)
[04/Jan/2020:05:22:08 +0200] 0:0:0:0:0:0:0:1 "GET /h2console/ico_remove.gif HTTP/1.1" 304 (0 ms)
[04/Jan/2020:05:22:08 +0200] 0:0:0:0:0:0:0:1 "GET /h2console/ico_write.gif HTTP/1.1" 304 (1 ms)
[04/Jan/2020:05:22:08 +0200] 0:0:0:0:0:0:0:1 "GET /h2console/ico_add.gif HTTP/1.1" 304 (1 ms)
[04/Jan/2020:05:22:10 +0200] 0:0:0:0:0:0:0:1 "POST /h2console/query.do?jsessionid=12cbfa3820bdedd742adc95b85795007 HTTP/1.1" 200 (3 ms)
[04/Jan/2020:05:22:59 +0200] 0:0:0:0:0:0:0:1 "GET /role HTTP/1.1" 404 (9 ms)
[04/Jan/2020:05:47:25 +0200] 0:0:0:0:0:0:0:1 "GET / HTTP/1.1" 200 (286 ms)
[04/Jan/2020:05:47:39 +0200] 0:0:0:0:0:0:0:1 "GET /category HTTP/1.1" 404 (26 ms)
[04/Jan/2020:05:49:31 +0200] 0:0:0:0:0:0:0:1 "GET /category HTTP/1.1" 404 (20 ms)
[04/Jan/2020:05:50:28 +0200] 0:0:0:0:0:0:0:1 "GET /category HTTP/1.1" 404 (69 ms)
[04/Jan/2020:05:50:56 +0200] 0:0:0:0:0:0:0:1 "GET /category HTTP/1.1" 404 (35 ms)
[04/Jan/2020:05:57:12 +0200] 0:0:0:0:0:0:0:1 "GET /category HTTP/1.1" 404 (13 ms)
[04/Jan/2020:05:59:48 +0200] 0:0:0:0:0:0:0:1 "GET / HTTP/1.1" 200 (197 ms)
[04/Jan/2020:06:07:20 +0200] 0:0:0:0:0:0:0:1 "GET / HTTP/1.1" 200 (8 ms)
[04/Jan/2020:06:07:23 +0200] 0:0:0:0:0:0:0:1 "GET / HTTP/1.1" 200 (13 ms)
[04/Jan/2020:06:08:08 +0200] 0:0:0:0:0:0:0:1 "GET / HTTP/1.1" 200 (10 ms)
[04/Jan/2020:06:15:12 +0200] 0:0:0:0:0:0:0:1 "GET / HTTP/1.1" 200 (14 ms)
[04/Jan/2020:06:16:39 +0200] 0:0:0:0:0:0:0:1 "GET / HTTP/1.1" 200 (5 ms)
[04/Jan/2020:06:17:08 +0200] 0:0:0:0:0:0:0:1 "GET / HTTP/1.1" 200 (275 ms)
[04/Jan/2020:09:52:05 +0200] 0:0:0:0:0:0:0:1 "GET / HTTP/1.1" 200 (908 ms)
[04/Jan/2020:09:52:09 +0200] 0:0:0:0:0:0:0:1 "GET / HTTP/1.1" 200 (32 ms)
[04/Jan/2020:09:53:39 +0200] 0:0:0:0:0:0:0:1 "GET / HTTP/1.1" 200 (508 ms)
[04/Jan/2020:09:55:35 +0200] 0:0:0:0:0:0:0:1 "GET / HTTP/1.1" 200 (20 ms)
[04/Jan/2020:09:55:39 +0200] 0:0:0:0:0:0:0:1 "GET / HTTP/1.1" 200 (16 ms)
[04/Jan/2020:10:04:37 +0200] 0:0:0:0:0:0:0:1 "GET / HTTP/1.1" 200 (564 ms)
[04/Jan/2020:10:04:37 +0200] 0:0:0:0:0:0:0:1 "GET /css/main.min.css HTTP/1.1" 404 (80 ms)
[04/Jan/2020:10:04:37 +0200] 0:0:0:0:0:0:0:1 "GET /dist/font-awesome/css/font-awesome.min.css HTTP/1.1" 404 (104 ms)
[04/Jan/2020:10:04:37 +0200] 0:0:0:0:0:0:0:1 "GET /dist/bootstrap/js/bootstrap.min.js HTTP/1.1" 404 (44 ms)
[04/Jan/2020:10:04:37 +0200] 0:0:0:0:0:0:0:1 "GET /img/item-1.jpeg HTTP/1.1" 404 (48 ms)
[04/Jan/2020:10:04:37 +0200] 0:0:0:0:0:0:0:1 "GET /dist/jquery/jquery.min.js HTTP/1.1" 404 (56 ms)
[04/Jan/2020:10:04:37 +0200] 0:0:0:0:0:0:0:1 "GET /dist/popper/popper.min.js HTTP/1.1" 404 (60 ms)
[04/Jan/2020:10:04:37 +0200] 0:0:0:0:0:0:0:1 "GET /img/item-2.jpeg HTTP/1.1" 404 (24 ms)
[04/Jan/2020:10:04:37 +0200] 0:0:0:0:0:0:0:1 "GET /js/main.min.js HTTP/1.1" 404 (28 ms)
[04/Jan/2020:10:04:37 +0200] 0:0:0:0:0:0:0:1 "GET /img/item-3.jpeg HTTP/1.1" 404 (44 ms)
[04/Jan/2020:10:04:37 +0200] 0:0:0:0:0:0:0:1 "GET /dist/bootstrap/js/bootstrap.min.js HTTP/1.1" 404 (28 ms)
[04/Jan/2020:10:04:38 +0200] 0:0:0:0:0:0:0:1 "GET /js/main.min.js HTTP/1.1" 404 (56 ms)
[04/Jan/2020:10:04:38 +0200] 0:0:0:0:0:0:0:1 "GET /img/favicon.ico HTTP/1.1" 404 (20 ms)
[04/Jan/2020:10:10:42 +0200] 0:0:0:0:0:0:0:1 "GET / HTTP/1.1" 200 (56 ms)
[04/Jan/2020:10:10:42 +0200] 0:0:0:0:0:0:0:1 "GET /css/main.min.css HTTP/1.1" 404 (28 ms)
[04/Jan/2020:10:10:42 +0200] 0:0:0:0:0:0:0:1 "GET /img/item-1.jpeg HTTP/1.1" 404 (28 ms)
[04/Jan/2020:10:10:42 +0200] 0:0:0:0:0:0:0:1 "GET /dist/font-awesome/css/font-awesome.min.css HTTP/1.1" 404 (36 ms)
[04/Jan/2020:10:10:42 +0200] 0:0:0:0:0:0:0:1 "GET /dist/jquery/jquery.min.js HTTP/1.1" 404 (20 ms)
[04/Jan/2020:10:10:42 +0200] 0:0:0:0:0:0:0:1 "GET /dist/popper/popper.min.js HTTP/1.1" 404 (24 ms)
[04/Jan/2020:10:10:42 +0200] 0:0:0:0:0:0:0:1 "GET /dist/bootstrap/js/bootstrap.min.js HTTP/1.1" 404 (24 ms)
[04/Jan/2020:10:10:42 +0200] 0:0:0:0:0:0:0:1 "GET /js/main.min.js HTTP/1.1" 404 (24 ms)
[04/Jan/2020:10:10:42 +0200] 0:0:0:0:0:0:0:1 "GET /img/item-3.jpeg HTTP/1.1" 404 (20 ms)
[04/Jan/2020:10:10:42 +0200] 0:0:0:0:0:0:0:1 "GET /img/item-2.jpeg HTTP/1.1" 404 (28 ms)
[04/Jan/2020:10:16:29 +0200] 0:0:0:0:0:0:0:1 "GET / HTTP/1.1" 200 (660 ms)
[04/Jan/2020:10:16:29 +0200] 0:0:0:0:0:0:0:1 "GET /dist/font-awesome/css/font-awesome.min.css HTTP/1.1" 200 (116 ms)
[04/Jan/2020:10:16:29 +0200] 0:0:0:0:0:0:0:1 "GET /dist/jquery/jquery.min.js HTTP/1.1" 200 (64 ms)
[04/Jan/2020:10:16:29 +0200] 0:0:0:0:0:0:0:1 "GET /dist/bootstrap/js/bootstrap.min.js HTTP/1.1" 200 (44 ms)
[04/Jan/2020:10:16:29 +0200] 0:0:0:0:0:0:0:1 "GET /dist/popper/popper.min.js HTTP/1.1" 200 (64 ms)
[04/Jan/2020:10:16:29 +0200] 0:0:0:0:0:0:0:1 "GET /img/item-1.jpeg HTTP/1.1" 200 (84 ms)
[04/Jan/2020:10:16:29 +0200] 0:0:0:0:0:0:0:1 "GET /css/main.min.css HTTP/1.1" 200 (108 ms)
[04/Jan/2020:10:16:29 +0200] 0:0:0:0:0:0:0:1 "GET /js/main.min.js HTTP/1.1" 200 (20 ms)
[04/Jan/2020:10:16:29 +0200] 0:0:0:0:0:0:0:1 "GET /img/item-3.jpeg HTTP/1.1" 200 (28 ms)
[04/Jan/2020:10:16:29 +0200] 0:0:0:0:0:0:0:1 "GET /img/item-2.jpeg HTTP/1.1" 200 (28 ms)
[04/Jan/2020:10:16:29 +0200] 0:0:0:0:0:0:0:1 "GET /img/loader.svg HTTP/1.1" 200 (24 ms)
[04/Jan/2020:10:16:29 +0200] 0:0:0:0:0:0:0:1 "GET /dist/popper/popper.min.js.map HTTP/1.1" 404 (52 ms)
[04/Jan/2020:10:16:29 +0200] 0:0:0:0:0:0:0:1 "GET /dist/bootstrap/js/bootstrap.min.js.map HTTP/1.1" 200 (164 ms)
[04/Jan/2020:10:16:30 +0200] 0:0:0:0:0:0:0:1 "GET /dist/font-awesome/fonts/fontawesome-webfont.woff2?v=4.7.0 HTTP/1.1" 200 (92 ms)
[04/Jan/2020:10:21:22 +0200] 0:0:0:0:0:0:0:1 "GET /category HTTP/1.1" 404 (28 ms)
[04/Jan/2020:10:22:09 +0200] 0:0:0:0:0:0:0:1 "GET /user HTTP/1.1" 404 (16 ms)
[04/Jan/2020:10:23:01 +0200] 0:0:0:0:0:0:0:1 "GET /category/ HTTP/1.1" 200 (1508 ms)
[04/Jan/2020:10:23:47 +0200] 0:0:0:0:0:0:0:1 "GET /category HTTP/1.1" 404 (24 ms)
[04/Jan/2020:10:23:54 +0200] 0:0:0:0:0:0:0:1 "GET /category/ HTTP/1.1" 200 (64 ms)
[04/Jan/2020:10:25:14 +0200] 0:0:0:0:0:0:0:1 "GET /category/ HTTP/1.1" 200 (36 ms)
[04/Jan/2020:10:25:16 +0200] 0:0:0:0:0:0:0:1 "GET /category/ HTTP/1.1" 200 (28 ms)
[04/Jan/2020:10:25:23 +0200] 0:0:0:0:0:0:0:1 "GET /category/ HTTP/1.1" 200 (12 ms)
[04/Jan/2020:10:25:26 +0200] 0:0:0:0:0:0:0:1 "GET /category/ HTTP/1.1" 200 (24 ms)
[04/Jan/2020:10:25:33 +0200] 0:0:0:0:0:0:0:1 "GET /category/add-category HTTP/1.1" 200 (848 ms)
[04/Jan/2020:10:25:42 +0200] 0:0:0:0:0:0:0:1 "POST /category/add HTTP/1.1" 302 (324 ms)
[04/Jan/2020:10:25:42 +0200] 0:0:0:0:0:0:0:1 "GET /category/category/list HTTP/1.1" 404 (36 ms)
[04/Jan/2020:10:26:49 +0200] 0:0:0:0:0:0:0:1 "GET /category/ HTTP/1.1" 200 (936 ms)
[04/Jan/2020:10:26:55 +0200] 0:0:0:0:0:0:0:1 "GET /category HTTP/1.1" 404 (60 ms)
[04/Jan/2020:10:28:50 +0200] 0:0:0:0:0:0:0:1 "GET /category HTTP/1.1" 404 (36 ms)
[04/Jan/2020:10:33:13 +0200] 0:0:0:0:0:0:0:1 "GET /category HTTP/1.1" 404 (140 ms)
[04/Jan/2020:10:33:36 +0200] 0:0:0:0:0:0:0:1 "GET /category HTTP/1.1" 404 (28 ms)
[04/Jan/2020:10:33:48 +0200] 0:0:0:0:0:0:0:1 "GET /category HTTP/1.1" 404 (20 ms)
[04/Jan/2020:10:33:57 +0200] 0:0:0:0:0:0:0:1 "GET /category/ HTTP/1.1" 200 (836 ms)
[04/Jan/2020:10:34:17 +0200] 0:0:0:0:0:0:0:1 "GET /category/ HTTP/1.1" 200 (28 ms)
[04/Jan/2020:10:34:26 +0200] 0:0:0:0:0:0:0:1 "GET /category HTTP/1.1" 404 (16 ms)
[04/Jan/2020:10:35:00 +0200] 0:0:0:0:0:0:0:1 "GET /category HTTP/1.1" 200 (1163 ms)
[04/Jan/2020:10:35:08 +0200] 0:0:0:0:0:0:0:1 "GET /category HTTP/1.1" 200 (28 ms)
[04/Jan/2020:10:35:12 +0200] 0:0:0:0:0:0:0:1 "GET /category/add-category HTTP/1.1" 200 (384 ms)
[04/Jan/2020:10:35:15 +0200] 0:0:0:0:0:0:0:1 "POST /category/add HTTP/1.1" 302 (136 ms)
[04/Jan/2020:10:35:15 +0200] 0:0:0:0:0:0:0:1 "GET /category/category/list HTTP/1.1" 404 (40 ms)
[04/Jan/2020:10:37:17 +0200] 0:0:0:0:0:0:0:1 "POST /category/add HTTP/1.1" 302 (340 ms)
[04/Jan/2020:10:37:18 +0200] 0:0:0:0:0:0:0:1 "GET /category/list HTTP/1.1" 200 (984 ms)
[04/Jan/2020:10:38:22 +0200] 0:0:0:0:0:0:0:1 "GET /category/edit/1 HTTP/1.1" 404 (88 ms)
[04/Jan/2020:10:38:33 +0200] 0:0:0:0:0:0:0:1 "GET /category/delete/1 HTTP/1.1" 404 (32 ms)
[04/Jan/2020:10:39:18 +0200] 0:0:0:0:0:0:0:1 "GET /img/item-1.jpeg HTTP/1.1" 200 (32 ms)
[04/Jan/2020:10:39:18 +0200] 0:0:0:0:0:0:0:1 "GET /css/main.min.css HTTP/1.1" 200 (64 ms)
[04/Jan/2020:10:39:18 +0200] 0:0:0:0:0:0:0:1 "GET /dist/font-awesome/css/font-awesome.min.css HTTP/1.1" 200 (76 ms)
[04/Jan/2020:10:39:18 +0200] 0:0:0:0:0:0:0:1 "GET /dist/jquery/jquery.min.js HTTP/1.1" 200 (44 ms)
[04/Jan/2020:10:39:18 +0200] 0:0:0:0:0:0:0:1 "GET /dist/popper/popper.min.js HTTP/1.1" 200 (28 ms)
[04/Jan/2020:10:39:18 +0200] 0:0:0:0:0:0:0:1 "GET /js/main.min.js HTTP/1.1" 200 (16 ms)
[04/Jan/2020:10:39:18 +0200] 0:0:0:0:0:0:0:1 "GET /img/item-2.jpeg HTTP/1.1" 200 (24 ms)
[04/Jan/2020:10:39:18 +0200] 0:0:0:0:0:0:0:1 "GET /dist/bootstrap/js/bootstrap.min.js HTTP/1.1" 200 (28 ms)
[04/Jan/2020:10:39:18 +0200] 0:0:0:0:0:0:0:1 "GET /img/item-3.jpeg HTTP/1.1" 200 (20 ms)
[04/Jan/2020:10:39:18 +0200] 0:0:0:0:0:0:0:1 "GET /img/loader.svg HTTP/1.1" 200 (12 ms)
[04/Jan/2020:10:39:18 +0200] 0:0:0:0:0:0:0:1 "GET /dist/font-awesome/fonts/fontawesome-webfont.woff2?v=4.7.0 HTTP/1.1" 200 (32 ms)
[04/Jan/2020:10:40:01 +0200] 0:0:0:0:0:0:0:1 "POST /h2console/query.do?jsessionid=12cbfa3820bdedd742adc95b85795007 HTTP/1.1" 200 (180 ms)
[04/Jan/2020:10:40:01 +0200] 0:0:0:0:0:0:0:1 "GET /h2console/stylesheet.css HTTP/1.1" 200 (44 ms)
[04/Jan/2020:10:40:01 +0200] 0:0:0:0:0:0:0:1 "GET /h2console/login.jsp?jsessionid=009c5af8e5c0120b031c74c4a963e98e HTTP/1.1" 200 (12 ms)
[04/Jan/2020:10:40:01 +0200] 0:0:0:0:0:0:0:1 "GET /h2console/login.jsp HTTP/1.1" 200 (32 ms)
[04/Jan/2020:10:40:01 +0200] 0:0:0:0:0:0:0:1 "GET /h2console/background.gif HTTP/1.1" 200 (16 ms)
[04/Jan/2020:10:40:02 +0200] 0:0:0:0:0:0:0:1 "GET /h2console/login.jsp?jsessionid=7c8cd66f72521c0572475c75606b72a8 HTTP/1.1" 200 (4 ms)
[04/Jan/2020:10:40:04 +0200] 0:0:0:0:0:0:0:1 "POST /h2console/login.do?jsessionid=7c8cd66f72521c0572475c75606b72a8 HTTP/1.1" 200 (24 ms)
[04/Jan/2020:10:40:04 +0200] 0:0:0:0:0:0:0:1 "GET /h2console/header.jsp?jsessionid=7c8cd66f72521c0572475c75606b72a8 HTTP/1.1" 200 (20 ms)
[04/Jan/2020:10:40:04 +0200] 0:0:0:0:0:0:0:1 "GET /h2console/query.jsp?jsessionid=7c8cd66f72521c0572475c75606b72a8 HTTP/1.1" 200 (12 ms)
[04/Jan/2020:10:40:04 +0200] 0:0:0:0:0:0:0:1 "GET /h2console/help.jsp?jsessionid=7c8cd66f72521c0572475c75606b72a8 HTTP/1.1" 200 (36 ms)
[04/Jan/2020:10:40:04 +0200] 0:0:0:0:0:0:0:1 "GET /h2console/icon_refresh.gif HTTP/1.1" 200 (12 ms)
[04/Jan/2020:10:40:04 +0200] 0:0:0:0:0:0:0:1 "GET /h2console/icon_rollback.gif HTTP/1.1" 200 (12 ms)
[04/Jan/2020:10:40:04 +0200] 0:0:0:0:0:0:0:1 "GET /h2console/icon_line.gif HTTP/1.1" 200 (16 ms)
[04/Jan/2020:10:40:04 +0200] 0:0:0:0:0:0:0:1 "GET /h2console/icon_disconnect.gif HTTP/1.1" 200 (16 ms)
[04/Jan/2020:10:40:04 +0200] 0:0:0:0:0:0:0:1 "GET /h2console/icon_commit.gif HTTP/1.1" 200 (16 ms)
[04/Jan/2020:10:40:04 +0200] 0:0:0:0:0:0:0:1 "GET /h2console/icon_run.gif HTTP/1.1" 200 (12 ms)
[04/Jan/2020:10:40:05 +0200] 0:0:0:0:0:0:0:1 "GET /h2console/icon_run_selected.gif HTTP/1.1" 200 (20 ms)
[04/Jan/2020:10:40:05 +0200] 0:0:0:0:0:0:0:1 "GET /h2console/icon_stop.gif HTTP/1.1" 200 (16 ms)
[04/Jan/2020:10:40:05 +0200] 0:0:0:0:0:0:0:1 "GET /h2console/icon_history.gif HTTP/1.1" 200 (20 ms)
[04/Jan/2020:10:40:05 +0200] 0:0:0:0:0:0:0:1 "GET /h2console/icon_help.gif HTTP/1.1" 200 (20 ms)
[04/Jan/2020:10:40:05 +0200] 0:0:0:0:0:0:0:1 "GET /h2console/tables.do?jsessionid=7c8cd66f72521c0572475c75606b72a8 HTTP/1.1" 200 (440 ms)
[04/Jan/2020:10:40:05 +0200] 0:0:0:0:0:0:0:1 "GET /h2console/tree.js HTTP/1.1" 200 (4 ms)
[04/Jan/2020:10:40:05 +0200] 0:0:0:0:0:0:0:1 "GET /h2console/tree_plus.gif HTTP/1.1" 200 (16 ms)
[04/Jan/2020:10:40:05 +0200] 0:0:0:0:0:0:0:1 "GET /h2console/tree_database.gif HTTP/1.1" 200 (12 ms)
[04/Jan/2020:10:40:05 +0200] 0:0:0:0:0:0:0:1 "GET /h2console/tree_table.gif HTTP/1.1" 200 (20 ms)
[04/Jan/2020:10:40:05 +0200] 0:0:0:0:0:0:0:1 "GET /h2console/tree_minus.gif HTTP/1.1" 200 (44 ms)
[04/Jan/2020:10:40:05 +0200] 0:0:0:0:0:0:0:1 "GET /h2console/tree_column.gif HTTP/1.1" 200 (16 ms)
[04/Jan/2020:10:40:05 +0200] 0:0:0:0:0:0:0:1 "GET /h2console/tree_empty.gif HTTP/1.1" 200 (24 ms)
[04/Jan/2020:10:40:05 +0200] 0:0:0:0:0:0:0:1 "GET /h2console/tree_type.gif HTTP/1.1" 200 (20 ms)
[04/Jan/2020:10:40:05 +0200] 0:0:0:0:0:0:0:1 "GET /h2console/tree_index_az.gif HTTP/1.1" 200 (24 ms)
[04/Jan/2020:10:40:05 +0200] 0:0:0:0:0:0:0:1 "GET /h2console/tree_index.gif HTTP/1.1" 200 (8 ms)
[04/Jan/2020:10:40:05 +0200] 0:0:0:0:0:0:0:1 "GET /h2console/tree_folder.gif HTTP/1.1" 200 (8 ms)
[04/Jan/2020:10:40:05 +0200] 0:0:0:0:0:0:0:1 "GET /h2console/tree_sequence.gif HTTP/1.1" 200 (12 ms)
[04/Jan/2020:10:40:05 +0200] 0:0:0:0:0:0:0:1 "GET /h2console/tree_sequences.gif HTTP/1.1" 200 (16 ms)
[04/Jan/2020:10:40:05 +0200] 0:0:0:0:0:0:0:1 "GET /h2console/tree_users.gif HTTP/1.1" 200 (20 ms)
[04/Jan/2020:10:40:05 +0200] 0:0:0:0:0:0:0:1 "GET /h2console/tree_user.gif HTTP/1.1" 200 (16 ms)
[04/Jan/2020:10:40:05 +0200] 0:0:0:0:0:0:0:1 "GET /h2console/tree_info.gif HTTP/1.1" 200 (24 ms)
[04/Jan/2020:10:40:11 +0200] 0:0:0:0:0:0:0:1 "POST /h2console/query.do?jsessionid=7c8cd66f72521c0572475c75606b72a8 HTTP/1.1" 200 (32 ms)
[04/Jan/2020:10:40:11 +0200] 0:0:0:0:0:0:0:1 "GET /h2console/stylesheet.css HTTP/1.1" 304 (4 ms)
[04/Jan/2020:10:40:11 +0200] 0:0:0:0:0:0:0:1 "GET /h2console/table.js HTTP/1.1" 200 (8 ms)
[04/Jan/2020:10:40:14 +0200] 0:0:0:0:0:0:0:1 "POST /h2console/query.do?jsessionid=7c8cd66f72521c0572475c75606b72a8 HTTP/1.1" 200 (4 ms)
[04/Jan/2020:10:40:14 +0200] 0:0:0:0:0:0:0:1 "GET /h2console/ico_add.gif HTTP/1.1" 200 (12 ms)
[04/Jan/2020:10:40:53 +0200] 0:0:0:0:0:0:0:1 "POST /h2console/query.do?jsessionid=7c8cd66f72521c0572475c75606b72a8 HTTP/1.1" 200 (8 ms)
[04/Jan/2020:10:40:53 +0200] 0:0:0:0:0:0:0:1 "GET /h2console/stylesheet.css HTTP/1.1" 304 (0 ms)
[04/Jan/2020:10:40:53 +0200] 0:0:0:0:0:0:0:1 "GET /h2console/table.js HTTP/1.1" 304 (0 ms)
[04/Jan/2020:10:40:55 +0200] 0:0:0:0:0:0:0:1 "POST /h2console/query.do?jsessionid=7c8cd66f72521c0572475c75606b72a8 HTTP/1.1" 200 (12 ms)
[04/Jan/2020:10:40:59 +0200] 0:0:0:0:0:0:0:1 "POST /h2console/query.do?jsessionid=7c8cd66f72521c0572475c75606b72a8 HTTP/1.1" 200 (4 ms)
[04/Jan/2020:10:40:59 +0200] 0:0:0:0:0:0:0:1 "GET /h2console/ico_add.gif HTTP/1.1" 304 (4 ms)
[04/Jan/2020:10:41:14 +0200] 0:0:0:0:0:0:0:1 "POST /h2console/query.do?jsessionid=7c8cd66f72521c0572475c75606b72a8 HTTP/1.1" 200 (8 ms)
[04/Jan/2020:10:41:14 +0200] 0:0:0:0:0:0:0:1 "GET /h2console/stylesheet.css HTTP/1.1" 304 (4 ms)
[04/Jan/2020:10:41:14 +0200] 0:0:0:0:0:0:0:1 "GET /h2console/table.js HTTP/1.1" 304 (4 ms)
[04/Jan/2020:10:41:20 +0200] 0:0:0:0:0:0:0:1 "POST /h2console/query.do?jsessionid=7c8cd66f72521c0572475c75606b72a8 HTTP/1.1" 200 (8 ms)
[04/Jan/2020:10:41:20 +0200] 0:0:0:0:0:0:0:1 "GET /h2console/ico_add.gif HTTP/1.1" 304 (4 ms)
[04/Jan/2020:10:41:20 +0200] 0:0:0:0:0:0:0:1 "GET /h2console/ico_write.gif HTTP/1.1" 200 (16 ms)
[04/Jan/2020:10:41:20 +0200] 0:0:0:0:0:0:0:1 "GET /h2console/ico_remove.gif HTTP/1.1" 200 (12 ms)
[04/Jan/2020:10:41:29 +0200] 0:0:0:0:0:0:0:1 "GET /h2console/ico_ok.gif HTTP/1.1" 200 (8 ms)
[04/Jan/2020:10:41:29 +0200] 0:0:0:0:0:0:0:1 "GET /h2console/ico_undo.gif HTTP/1.1" 200 (8 ms)
[04/Jan/2020:10:41:58 +0200] 0:0:0:0:0:0:0:1 "POST /h2console/editResult.do?jsessionid=7c8cd66f72521c0572475c75606b72a8 HTTP/1.1" 200 (28 ms)
[04/Jan/2020:10:41:58 +0200] 0:0:0:0:0:0:0:1 "GET /h2console/stylesheet.css HTTP/1.1" 304 (4 ms)
[04/Jan/2020:10:41:58 +0200] 0:0:0:0:0:0:0:1 "GET /h2console/table.js HTTP/1.1" 304 (4 ms)
[04/Jan/2020:10:41:58 +0200] 0:0:0:0:0:0:0:1 "GET /h2console/ico_write.gif HTTP/1.1" 304 (4 ms)
[04/Jan/2020:10:41:58 +0200] 0:0:0:0:0:0:0:1 "GET /h2console/ico_remove.gif HTTP/1.1" 304 (4 ms)
[04/Jan/2020:10:41:59 +0200] 0:0:0:0:0:0:0:1 "GET /h2console/ico_add.gif HTTP/1.1" 304 (12 ms)
[04/Jan/2020:10:42:20 +0200] 0:0:0:0:0:0:0:1 "GET /category HTTP/1.1" 200 (40 ms)
[04/Jan/2020:10:42:29 +0200] 0:0:0:0:0:0:0:1 "GET /category/edit/1 HTTP/1.1" 404 (24 ms)
[04/Jan/2020:10:48:49 +0200] 0:0:0:0:0:0:0:1 "GET /category/edit/1 HTTP/1.1" 404 (28 ms)
[04/Jan/2020:10:49:33 +0200] 0:0:0:0:0:0:0:1 "GET /category/edit/1 HTTP/1.1" 404 (188 ms)
[04/Jan/2020:10:50:56 +0200] 0:0:0:0:0:0:0:1 "GET /category/add-category HTTP/1.1" 200 (880 ms)
[04/Jan/2020:11:42:30 +0200] 0:0:0:0:0:0:0:1 "GET /role HTTP/1.1" 404 (140 ms)
[04/Jan/2020:11:43:25 +0200] 0:0:0:0:0:0:0:1 "GET / HTTP/1.1" 200 (508 ms)
[04/Jan/2020:11:43:25 +0200] 0:0:0:0:0:0:0:1 "GET /css/main.min.css HTTP/1.1" 200 (29 ms)
[04/Jan/2020:11:43:25 +0200] 0:0:0:0:0:0:0:1 "GET /img/item-1.jpeg HTTP/1.1" 200 (26 ms)
[04/Jan/2020:11:43:25 +0200] 0:0:0:0:0:0:0:1 "GET /dist/popper/popper.min.js HTTP/1.1" 200 (25 ms)
[04/Jan/2020:11:43:25 +0200] 0:0:0:0:0:0:0:1 "GET /dist/jquery/jquery.min.js HTTP/1.1" 200 (37 ms)
[04/Jan/2020:11:43:25 +0200] 0:0:0:0:0:0:0:1 "GET /dist/bootstrap/js/bootstrap.min.js HTTP/1.1" 200 (22 ms)
[04/Jan/2020:11:43:25 +0200] 0:0:0:0:0:0:0:1 "GET /js/main.min.js HTTP/1.1" 200 (21 ms)
[04/Jan/2020:11:43:25 +0200] 0:0:0:0:0:0:0:1 "GET /img/item-2.jpeg HTTP/1.1" 200 (30 ms)
[04/Jan/2020:11:43:25 +0200] 0:0:0:0:0:0:0:1 "GET /img/item-3.jpeg HTTP/1.1" 200 (24 ms)
[04/Jan/2020:11:43:25 +0200] 0:0:0:0:0:0:0:1 "GET /dist/font-awesome/css/font-awesome.min.css HTTP/1.1" 200 (212 ms)
[04/Jan/2020:11:43:26 +0200] 0:0:0:0:0:0:0:1 "GET /img/loader.svg HTTP/1.1" 200 (19 ms)
[04/Jan/2020:11:43:26 +0200] 0:0:0:0:0:0:0:1 "GET /dist/font-awesome/fonts/fontawesome-webfont.woff2?v=4.7.0 HTTP/1.1" 200 (39 ms)
[04/Jan/2020:11:43:36 +0200] 0:0:0:0:0:0:0:1 "GET /category HTTP/1.1" 200 (594 ms)
[04/Jan/2020:11:43:46 +0200] 0:0:0:0:0:0:0:1 "GET /user HTTP/1.1" 404 (37 ms)
[04/Jan/2020:11:45:21 +0200] 0:0:0:0:0:0:0:1 "GET /user HTTP/1.1" 404 (21 ms)
[04/Jan/2020:11:46:19 +0200] 0:0:0:0:0:0:0:1 "GET /user HTTP/1.1" 404 (141 ms)
[04/Jan/2020:11:46:44 +0200] 0:0:0:0:0:0:0:1 "GET /user HTTP/1.1" 404 (27 ms)
[04/Jan/2020:11:47:12 +0200] 0:0:0:0:0:0:0:1 "GET /user HTTP/1.1" 404 (22 ms)
[04/Jan/2020:11:47:34 +0200] 0:0:0:0:0:0:0:1 "GET /user HTTP/1.1" 404 (22 ms)
[04/Jan/2020:11:47:39 +0200] 0:0:0:0:0:0:0:1 "GET /user HTTP/1.1" 404 (20 ms)
[04/Jan/2020:11:49:36 +0200] 0:0:0:0:0:0:0:1 "GET /user HTTP/1.1" 404 (26 ms)
[04/Jan/2020:12:12:16 +0200] 0:0:0:0:0:0:0:1 "GET /user HTTP/1.1" 200 (820 ms)
[04/Jan/2020:12:21:52 +0200] 0:0:0:0:0:0:0:1 "POST /h2console/query.do?jsessionid=7c8cd66f72521c0572475c75606b72a8 HTTP/1.1" 200 (184 ms)
[04/Jan/2020:12:21:53 +0200] 0:0:0:0:0:0:0:1 "GET /h2console/stylesheet.css HTTP/1.1" 200 (35 ms)
[04/Jan/2020:12:21:53 +0200] 0:0:0:0:0:0:0:1 "GET /h2console/login.jsp?jsessionid=f464908ab4c9495e346260fe0ea6ced3 HTTP/1.1" 200 (10 ms)
[04/Jan/2020:12:21:53 +0200] 0:0:0:0:0:0:0:1 "GET /h2console/login.jsp HTTP/1.1" 200 (11 ms)
[04/Jan/2020:12:21:53 +0200] 0:0:0:0:0:0:0:1 "GET /h2console/background.gif HTTP/1.1" 200 (11 ms)
[04/Jan/2020:12:21:54 +0200] 0:0:0:0:0:0:0:1 "GET /h2console/login.jsp?jsessionid=6ee45d8095735ca551685e1b26a26074 HTTP/1.1" 200 (4 ms)
[04/Jan/2020:12:21:56 +0200] 0:0:0:0:0:0:0:1 "POST /h2console/login.do?jsessionid=6ee45d8095735ca551685e1b26a26074 HTTP/1.1" 200 (21 ms)
[04/Jan/2020:12:21:56 +0200] 0:0:0:0:0:0:0:1 "GET /h2console/header.jsp?jsessionid=6ee45d8095735ca551685e1b26a26074 HTTP/1.1" 200 (23 ms)
[04/Jan/2020:12:21:56 +0200] 0:0:0:0:0:0:0:1 "GET /h2console/query.jsp?jsessionid=6ee45d8095735ca551685e1b26a26074 HTTP/1.1" 200 (21 ms)
[04/Jan/2020:12:21:56 +0200] 0:0:0:0:0:0:0:1 "GET /h2console/help.jsp?jsessionid=6ee45d8095735ca551685e1b26a26074 HTTP/1.1" 200 (20 ms)
[04/Jan/2020:12:21:57 +0200] 0:0:0:0:0:0:0:1 "GET /h2console/icon_line.gif HTTP/1.1" 200 (17 ms)
[04/Jan/2020:12:21:57 +0200] 0:0:0:0:0:0:0:1 "GET /h2console/icon_rollback.gif HTTP/1.1" 200 (20 ms)
[04/Jan/2020:12:21:57 +0200] 0:0:0:0:0:0:0:1 "GET /h2console/icon_refresh.gif HTTP/1.1" 200 (34 ms)
[04/Jan/2020:12:21:57 +0200] 0:0:0:0:0:0:0:1 "GET /h2console/icon_commit.gif HTTP/1.1" 200 (15 ms)
[04/Jan/2020:12:21:57 +0200] 0:0:0:0:0:0:0:1 "GET /h2console/icon_disconnect.gif HTTP/1.1" 200 (60 ms)
[04/Jan/2020:12:21:57 +0200] 0:0:0:0:0:0:0:1 "GET /h2console/icon_run.gif HTTP/1.1" 200 (29 ms)
[04/Jan/2020:12:21:57 +0200] 0:0:0:0:0:0:0:1 "GET /h2console/icon_help.gif HTTP/1.1" 200 (19 ms)
[04/Jan/2020:12:21:57 +0200] 0:0:0:0:0:0:0:1 "GET /h2console/icon_stop.gif HTTP/1.1" 200 (49 ms)
[04/Jan/2020:12:21:57 +0200] 0:0:0:0:0:0:0:1 "GET /h2console/icon_run_selected.gif HTTP/1.1" 200 (19 ms)
[04/Jan/2020:12:21:57 +0200] 0:0:0:0:0:0:0:1 "GET /h2console/icon_history.gif HTTP/1.1" 200 (16 ms)
[04/Jan/2020:12:21:57 +0200] 0:0:0:0:0:0:0:1 "GET /h2console/tables.do?jsessionid=6ee45d8095735ca551685e1b26a26074 HTTP/1.1" 200 (548 ms)
[04/Jan/2020:12:21:57 +0200] 0:0:0:0:0:0:0:1 "GET /h2console/tree.js HTTP/1.1" 200 (7 ms)
[04/Jan/2020:12:21:57 +0200] 0:0:0:0:0:0:0:1 "GET /h2console/tree_database.gif HTTP/1.1" 200 (11 ms)
[04/Jan/2020:12:21:57 +0200] 0:0:0:0:0:0:0:1 "GET /h2console/tree_plus.gif HTTP/1.1" 200 (13 ms)
[04/Jan/2020:12:21:57 +0200] 0:0:0:0:0:0:0:1 "GET /h2console/tree_table.gif HTTP/1.1" 200 (15 ms)
[04/Jan/2020:12:21:57 +0200] 0:0:0:0:0:0:0:1 "GET /h2console/tree_minus.gif HTTP/1.1" 200 (13 ms)
[04/Jan/2020:12:21:57 +0200] 0:0:0:0:0:0:0:1 "GET /h2console/tree_empty.gif HTTP/1.1" 200 (14 ms)
[04/Jan/2020:12:21:57 +0200] 0:0:0:0:0:0:0:1 "GET /h2console/tree_column.gif HTTP/1.1" 200 (14 ms)
[04/Jan/2020:12:21:57 +0200] 0:0:0:0:0:0:0:1 "GET /h2console/tree_index_az.gif HTTP/1.1" 200 (15 ms)
[04/Jan/2020:12:21:57 +0200] 0:0:0:0:0:0:0:1 "GET /h2console/tree_users.gif HTTP/1.1" 200 (16 ms)
[04/Jan/2020:12:21:57 +0200] 0:0:0:0:0:0:0:1 "GET /h2console/tree_folder.gif HTTP/1.1" 200 (15 ms)
[04/Jan/2020:12:21:57 +0200] 0:0:0:0:0:0:0:1 "GET /h2console/tree_type.gif HTTP/1.1" 200 (37 ms)
[04/Jan/2020:12:21:57 +0200] 0:0:0:0:0:0:0:1 "GET /h2console/tree_info.gif HTTP/1.1" 200 (37 ms)
[04/Jan/2020:12:21:57 +0200] 0:0:0:0:0:0:0:1 "GET /h2console/tree_sequences.gif HTTP/1.1" 200 (32 ms)
[04/Jan/2020:12:21:57 +0200] 0:0:0:0:0:0:0:1 "GET /h2console/tree_index.gif HTTP/1.1" 200 (10 ms)
[04/Jan/2020:12:21:57 +0200] 0:0:0:0:0:0:0:1 "GET /h2console/tree_sequence.gif HTTP/1.1" 200 (11 ms)
[04/Jan/2020:12:21:57 +0200] 0:0:0:0:0:0:0:1 "GET /h2console/tree_user.gif HTTP/1.1" 200 (13 ms)
[04/Jan/2020:12:22:04 +0200] 0:0:0:0:0:0:0:1 "POST /h2console/query.do?jsessionid=6ee45d8095735ca551685e1b26a26074 HTTP/1.1" 200 (70 ms)
[04/Jan/2020:12:22:04 +0200] 0:0:0:0:0:0:0:1 "GET /h2console/stylesheet.css HTTP/1.1" 304 (1 ms)
[04/Jan/2020:12:22:04 +0200] 0:0:0:0:0:0:0:1 "GET /h2console/table.js HTTP/1.1" 200 (8 ms)
[04/Jan/2020:12:22:07 +0200] 0:0:0:0:0:0:0:1 "POST /h2console/query.do?jsessionid=6ee45d8095735ca551685e1b26a26074 HTTP/1.1" 200 (7 ms)
[04/Jan/2020:12:22:07 +0200] 0:0:0:0:0:0:0:1 "GET /h2console/ico_add.gif HTTP/1.1" 200 (7 ms)
[04/Jan/2020:12:22:10 +0200] 0:0:0:0:0:0:0:1 "GET /h2console/ico_undo.gif HTTP/1.1" 200 (6 ms)
[04/Jan/2020:12:22:10 +0200] 0:0:0:0:0:0:0:1 "GET /h2console/ico_ok.gif HTTP/1.1" 200 (6 ms)
[04/Jan/2020:12:22:27 +0200] 0:0:0:0:0:0:0:1 "POST /h2console/editResult.do?jsessionid=6ee45d8095735ca551685e1b26a26074 HTTP/1.1" 200 (34 ms)
[04/Jan/2020:12:22:27 +0200] 0:0:0:0:0:0:0:1 "GET /h2console/stylesheet.css HTTP/1.1" 304 (3 ms)
[04/Jan/2020:12:22:27 +0200] 0:0:0:0:0:0:0:1 "GET /h2console/table.js HTTP/1.1" 304 (2 ms)
[04/Jan/2020:12:22:27 +0200] 0:0:0:0:0:0:0:1 "GET /h2console/ico_add.gif HTTP/1.1" 304 (6 ms)
[04/Jan/2020:12:22:40 +0200] 0:0:0:0:0:0:0:1 "GET /h2console/ico_undo.gif HTTP/1.1" 304 (2 ms)
[04/Jan/2020:12:22:40 +0200] 0:0:0:0:0:0:0:1 "GET /h2console/ico_ok.gif HTTP/1.1" 304 (4 ms)
[04/Jan/2020:12:22:54 +0200] 0:0:0:0:0:0:0:1 "POST /h2console/editResult.do?jsessionid=6ee45d8095735ca551685e1b26a26074 HTTP/1.1" 200 (29 ms)
[04/Jan/2020:12:22:54 +0200] 0:0:0:0:0:0:0:1 "GET /h2console/stylesheet.css HTTP/1.1" 304 (2 ms)
[04/Jan/2020:12:22:54 +0200] 0:0:0:0:0:0:0:1 "GET /h2console/table.js HTTP/1.1" 304 (2 ms)
[04/Jan/2020:12:22:54 +0200] 0:0:0:0:0:0:0:1 "GET /h2console/ico_add.gif HTTP/1.1" 304 (2 ms)
[04/Jan/2020:12:22:54 +0200] 0:0:0:0:0:0:0:1 "GET /h2console/ico_write.gif HTTP/1.1" 200 (12 ms)
[04/Jan/2020:12:22:54 +0200] 0:0:0:0:0:0:0:1 "GET /h2console/ico_remove.gif HTTP/1.1" 200 (14 ms)
[04/Jan/2020:12:22:57 +0200] 0:0:0:0:0:0:0:1 "GET /h2console/ico_ok.gif HTTP/1.1" 304 (4 ms)
[04/Jan/2020:12:22:57 +0200] 0:0:0:0:0:0:0:1 "GET /h2console/ico_undo.gif HTTP/1.1" 304 (6 ms)
[04/Jan/2020:12:23:09 +0200] 0:0:0:0:0:0:0:1 "POST /h2console/editResult.do?jsessionid=6ee45d8095735ca551685e1b26a26074 HTTP/1.1" 200 (11 ms)
[04/Jan/2020:12:23:09 +0200] 0:0:0:0:0:0:0:1 "GET /h2console/stylesheet.css HTTP/1.1" 304 (4 ms)
[04/Jan/2020:12:23:09 +0200] 0:0:0:0:0:0:0:1 "GET /h2console/table.js HTTP/1.1" 304 (4 ms)
[04/Jan/2020:12:23:09 +0200] 0:0:0:0:0:0:0:1 "GET /h2console/ico_write.gif HTTP/1.1" 304 (11 ms)
[04/Jan/2020:12:23:09 +0200] 0:0:0:0:0:0:0:1 "GET /h2console/ico_remove.gif HTTP/1.1" 304 (4 ms)
[04/Jan/2020:12:23:09 +0200] 0:0:0:0:0:0:0:1 "GET /h2console/ico_add.gif HTTP/1.1" 304 (2 ms)
[04/Jan/2020:12:23:27 +0200] 0:0:0:0:0:0:0:1 "GET /user HTTP/1.1" 200 (184 ms)
[04/Jan/2020:12:23:32 +0200] 0:0:0:0:0:0:0:1 "GET /user HTTP/1.1" 200 (26 ms)
[04/Jan/2020:12:23:34 +0200] 0:0:0:0:0:0:0:1 "GET /user HTTP/1.1" 200 (25 ms)
[04/Jan/2020:12:23:37 +0200] 0:0:0:0:0:0:0:1 "GET /user HTTP/1.1" 200 (21 ms)
[04/Jan/2020:12:23:41 +0200] 0:0:0:0:0:0:0:1 "GET /category/add-category HTTP/1.1" 200 (318 ms)
[04/Jan/2020:12:23:53 +0200] 0:0:0:0:0:0:0:1 "POST /category/add HTTP/1.1" 302 (260 ms)
[04/Jan/2020:12:23:53 +0200] 0:0:0:0:0:0:0:1 "GET /category/list HTTP/1.1" 200 (126 ms)
[04/Jan/2020:12:24:56 +0200] 0:0:0:0:0:0:0:1 "GET /category/list HTTP/1.1" 200 (39 ms)
[04/Jan/2020:12:24:58 +0200] 0:0:0:0:0:0:0:1 "GET /category/list HTTP/1.1" 200 (25 ms)
[04/Jan/2020:12:25:04 +0200] 0:0:0:0:0:0:0:1 "GET /categor HTTP/1.1" 404 (49 ms)
[04/Jan/2020:12:25:10 +0200] 0:0:0:0:0:0:0:1 "GET /category HTTP/1.1" 200 (44 ms)
[04/Jan/2020:12:25:21 +0200] 0:0:0:0:0:0:0:1 "GET /user HTTP/1.1" 200 (29 ms)
[04/Jan/2020:12:25:24 +0200] 0:0:0:0:0:0:0:1 "GET /category/add-category HTTP/1.1" 200 (28 ms)
[04/Jan/2020:12:28:15 +0200] 0:0:0:0:0:0:0:1 "POST /h2console/query.do?jsessionid=6ee45d8095735ca551685e1b26a26074 HTTP/1.1" 200 (10 ms)
[04/Jan/2020:12:28:15 +0200] 0:0:0:0:0:0:0:1 "GET /h2console/table.js HTTP/1.1" 304 (1 ms)
[04/Jan/2020:12:28:15 +0200] 0:0:0:0:0:0:0:1 "GET /h2console/stylesheet.css HTTP/1.1" 304 (2 ms)
[04/Jan/2020:12:28:40 +0200] 0:0:0:0:0:0:0:1 "POST /h2console/query.do?jsessionid=6ee45d8095735ca551685e1b26a26074 HTTP/1.1" 200 (7 ms)
[04/Jan/2020:12:28:40 +0200] 0:0:0:0:0:0:0:1 "GET /h2console/table.js HTTP/1.1" 304 (2 ms)
[04/Jan/2020:12:28:40 +0200] 0:0:0:0:0:0:0:1 "GET /h2console/stylesheet.css HTTP/1.1" 304 (2 ms)
[04/Jan/2020:12:29:02 +0200] 0:0:0:0:0:0:0:1 "POST /category/add HTTP/1.1" 302 (24 ms)
[04/Jan/2020:12:29:02 +0200] 0:0:0:0:0:0:0:1 "GET /category/list HTTP/1.1" 200 (34 ms)
[04/Jan/2020:12:30:53 +0200] 0:0:0:0:0:0:0:1 "GET /user HTTP/1.1" 200 (20 ms)
[04/Jan/2020:12:31:19 +0200] 0:0:0:0:0:0:0:1 "GET /user HTTP/1.1" 200 (31 ms)
[04/Jan/2020:12:31:40 +0200] 0:0:0:0:0:0:0:1 "POST /h2console/query.do?jsessionid=6ee45d8095735ca551685e1b26a26074 HTTP/1.1" 200 (5 ms)
[04/Jan/2020:12:31:40 +0200] 0:0:0:0:0:0:0:1 "GET /h2console/stylesheet.css HTTP/1.1" 304 (4 ms)
[04/Jan/2020:12:31:40 +0200] 0:0:0:0:0:0:0:1 "GET /h2console/table.js HTTP/1.1" 304 (3 ms)
[04/Jan/2020:12:32:58 +0200] 0:0:0:0:0:0:0:1 "POST /h2console/query.do?jsessionid=6ee45d8095735ca551685e1b26a26074 HTTP/1.1" 200 (6 ms)
[04/Jan/2020:12:32:58 +0200] 0:0:0:0:0:0:0:1 "GET /h2console/stylesheet.css HTTP/1.1" 304 (3 ms)
[04/Jan/2020:12:32:58 +0200] 0:0:0:0:0:0:0:1 "GET /h2console/table.js HTTP/1.1" 304 (2 ms)
[04/Jan/2020:12:33:01 +0200] 0:0:0:0:0:0:0:1 "POST /h2console/query.do?jsessionid=6ee45d8095735ca551685e1b26a26074 HTTP/1.1" 200 (4 ms)
[04/Jan/2020:12:33:01 +0200] 0:0:0:0:0:0:0:1 "GET /h2console/ico_add.gif HTTP/1.1" 304 (4 ms)
[04/Jan/2020:12:33:03 +0200] 0:0:0:0:0:0:0:1 "GET /h2console/ico_ok.gif HTTP/1.1" 304 (3 ms)
[04/Jan/2020:12:33:03 +0200] 0:0:0:0:0:0:0:1 "GET /h2console/ico_undo.gif HTTP/1.1" 304 (4 ms)
[04/Jan/2020:12:33:15 +0200] 0:0:0:0:0:0:0:1 "POST /h2console/editResult.do?jsessionid=6ee45d8095735ca551685e1b26a26074 HTTP/1.1" 200 (7 ms)
[04/Jan/2020:12:33:15 +0200] 0:0:0:0:0:0:0:1 "GET /h2console/stylesheet.css HTTP/1.1" 304 (4 ms)
[04/Jan/2020:12:33:15 +0200] 0:0:0:0:0:0:0:1 "GET /h2console/table.js HTTP/1.1" 304 (1 ms)
[04/Jan/2020:12:33:15 +0200] 0:0:0:0:0:0:0:1 "GET /h2console/ico_write.gif HTTP/1.1" 304 (1 ms)
[04/Jan/2020:12:33:15 +0200] 0:0:0:0:0:0:0:1 "GET /h2console/ico_remove.gif HTTP/1.1" 304 (3 ms)
[04/Jan/2020:12:33:15 +0200] 0:0:0:0:0:0:0:1 "GET /h2console/ico_add.gif HTTP/1.1" 304 (1 ms)
[04/Jan/2020:12:33:19 +0200] 0:0:0:0:0:0:0:1 "GET /h2console/ico_ok.gif HTTP/1.1" 304 (2 ms)
[04/Jan/2020:12:33:19 +0200] 0:0:0:0:0:0:0:1 "GET /h2console/ico_undo.gif HTTP/1.1" 304 (2 ms)
[04/Jan/2020:12:33:33 +0200] 0:0:0:0:0:0:0:1 "POST /h2console/editResult.do?jsessionid=6ee45d8095735ca551685e1b26a26074 HTTP/1.1" 200 (7 ms)
[04/Jan/2020:12:33:33 +0200] 0:0:0:0:0:0:0:1 "GET /h2console/stylesheet.css HTTP/1.1" 304 (1 ms)
[04/Jan/2020:12:33:33 +0200] 0:0:0:0:0:0:0:1 "GET /h2console/table.js HTTP/1.1" 304 (2 ms)
[04/Jan/2020:12:33:33 +0200] 0:0:0:0:0:0:0:1 "GET /h2console/ico_write.gif HTTP/1.1" 304 (4 ms)
[04/Jan/2020:12:33:33 +0200] 0:0:0:0:0:0:0:1 "GET /h2console/ico_remove.gif HTTP/1.1" 304 (3 ms)
[04/Jan/2020:12:33:33 +0200] 0:0:0:0:0:0:0:1 "GET /h2console/ico_add.gif HTTP/1.1" 304 (2 ms)
[04/Jan/2020:12:33:36 +0200] 0:0:0:0:0:0:0:1 "POST /h2console/query.do?jsessionid=6ee45d8095735ca551685e1b26a26074 HTTP/1.1" 200 (7 ms)
[04/Jan/2020:12:33:49 +0200] 0:0:0:0:0:0:0:1 "GET /role HTTP/1.1" 404 (30 ms)
[04/Jan/2020:13:39:38 +0200] 0:0:0:0:0:0:0:1 "GET /category/add-category HTTP/1.1" 200 (547 ms)
[04/Jan/2020:13:41:25 +0200] 0:0:0:0:0:0:0:1 "GET /user HTTP/1.1" 200 (663 ms)
[04/Jan/2020:13:57:54 +0200] 0:0:0:0:0:0:0:1 "GET /user HTTP/1.1" 200 (27 ms)
[04/Jan/2020:13:57:59 +0200] 0:0:0:0:0:0:0:1 "GET /category/add-category HTTP/1.1" 200 (16 ms)
[04/Jan/2020:14:04:24 +0200] 0:0:0:0:0:0:0:1 "GET /user HTTP/1.1" 200 (1004 ms)
[04/Jan/2020:14:04:29 +0200] 0:0:0:0:0:0:0:1 "GET /user/add-user HTTP/1.1" 404 (563 ms)
[04/Jan/2020:14:08:40 +0200] 0:0:0:0:0:0:0:1 "GET /user/add-user HTTP/1.1" 404 (63 ms)
[04/Jan/2020:14:08:47 +0200] 0:0:0:0:0:0:0:1 "GET /user/add-user HTTP/1.1" 404 (53 ms)
[04/Jan/2020:14:08:59 +0200] 0:0:0:0:0:0:0:1 "GET /user/add-user HTTP/1.1" 404 (53 ms)
[04/Jan/2020:14:09:48 +0200] 0:0:0:0:0:0:0:1 "GET /user/add-user HTTP/1.1" 200 (685 ms)
[04/Jan/2020:14:09:48 +0200] 0:0:0:0:0:0:0:1 "GET /user/add-user HTTP/1.1" 200 (1002 ms)
[04/Jan/2020:14:10:12 +0200] 0:0:0:0:0:0:0:1 "POST /user/add HTTP/1.1" 302 (296 ms)
[04/Jan/2020:14:10:12 +0200] 0:0:0:0:0:0:0:1 "GET /user/list HTTP/1.1" 200 (237 ms)
[04/Jan/2020:14:11:02 +0200] 0:0:0:0:0:0:0:1 "POST /h2console/query.do?jsessionid=6ee45d8095735ca551685e1b26a26074 HTTP/1.1" 200 (50 ms)
[04/Jan/2020:14:11:02 +0200] 0:0:0:0:0:0:0:1 "GET /h2console/stylesheet.css HTTP/1.1" 200 (21 ms)
[04/Jan/2020:14:11:02 +0200] 0:0:0:0:0:0:0:1 "GET /h2console/login.jsp?jsessionid=3eef1a9a97c9bc94d77f3294d4821b67 HTTP/1.1" 200 (13 ms)
[04/Jan/2020:14:11:02 +0200] 0:0:0:0:0:0:0:1 "GET /h2console/login.jsp HTTP/1.1" 200 (9 ms)
[04/Jan/2020:14:11:02 +0200] 0:0:0:0:0:0:0:1 "GET /h2console/background.gif HTTP/1.1" 200 (19 ms)
[04/Jan/2020:14:11:03 +0200] 0:0:0:0:0:0:0:1 "GET /h2console/login.jsp?jsessionid=1222663f1f761f3ae918a03917fa8e49 HTTP/1.1" 200 (16 ms)
[04/Jan/2020:14:11:05 +0200] 0:0:0:0:0:0:0:1 "POST /h2console/login.do?jsessionid=1222663f1f761f3ae918a03917fa8e49 HTTP/1.1" 200 (22 ms)
[04/Jan/2020:14:11:05 +0200] 0:0:0:0:0:0:0:1 "GET /h2console/header.jsp?jsessionid=1222663f1f761f3ae918a03917fa8e49 HTTP/1.1" 200 (23 ms)
[04/Jan/2020:14:11:05 +0200] 0:0:0:0:0:0:0:1 "GET /h2console/help.jsp?jsessionid=1222663f1f761f3ae918a03917fa8e49 HTTP/1.1" 200 (12 ms)
[04/Jan/2020:14:11:05 +0200] 0:0:0:0:0:0:0:1 "GET /h2console/query.jsp?jsessionid=1222663f1f761f3ae918a03917fa8e49 HTTP/1.1" 200 (26 ms)
[04/Jan/2020:14:11:05 +0200] 0:0:0:0:0:0:0:1 "GET /h2console/icon_disconnect.gif HTTP/1.1" 200 (22 ms)
[04/Jan/2020:14:11:05 +0200] 0:0:0:0:0:0:0:1 "GET /h2console/icon_line.gif HTTP/1.1" 200 (11 ms)
[04/Jan/2020:14:11:05 +0200] 0:0:0:0:0:0:0:1 "GET /h2console/icon_refresh.gif HTTP/1.1" 200 (15 ms)
[04/Jan/2020:14:11:05 +0200] 0:0:0:0:0:0:0:1 "GET /h2console/icon_rollback.gif HTTP/1.1" 200 (18 ms)
[04/Jan/2020:14:11:05 +0200] 0:0:0:0:0:0:0:1 "GET /h2console/icon_commit.gif HTTP/1.1" 200 (15 ms)
[04/Jan/2020:14:11:05 +0200] 0:0:0:0:0:0:0:1 "GET /h2console/icon_run.gif HTTP/1.1" 200 (20 ms)
[04/Jan/2020:14:11:05 +0200] 0:0:0:0:0:0:0:1 "GET /h2console/icon_help.gif HTTP/1.1" 200 (16 ms)
[04/Jan/2020:14:11:05 +0200] 0:0:0:0:0:0:0:1 "GET /h2console/icon_history.gif HTTP/1.1" 200 (18 ms)
[04/Jan/2020:14:11:05 +0200] 0:0:0:0:0:0:0:1 "GET /h2console/icon_stop.gif HTTP/1.1" 200 (12 ms)
[04/Jan/2020:14:11:05 +0200] 0:0:0:0:0:0:0:1 "GET /h2console/icon_run_selected.gif HTTP/1.1" 200 (17 ms)
[04/Jan/2020:14:11:06 +0200] 0:0:0:0:0:0:0:1 "GET /h2console/tables.do?jsessionid=1222663f1f761f3ae918a03917fa8e49 HTTP/1.1" 200 (405 ms)
[04/Jan/2020:14:11:06 +0200] 0:0:0:0:0:0:0:1 "GET /h2console/tree.js HTTP/1.1" 200 (9 ms)
[04/Jan/2020:14:11:06 +0200] 0:0:0:0:0:0:0:1 "GET /h2console/tree_minus.gif HTTP/1.1" 200 (15 ms)
[04/Jan/2020:14:11:06 +0200] 0:0:0:0:0:0:0:1 "GET /h2console/tree_plus.gif HTTP/1.1" 200 (15 ms)
[04/Jan/2020:14:11:06 +0200] 0:0:0:0:0:0:0:1 "GET /h2console/tree_database.gif HTTP/1.1" 200 (12 ms)
[04/Jan/2020:14:11:06 +0200] 0:0:0:0:0:0:0:1 "GET /h2console/tree_empty.gif HTTP/1.1" 200 (10 ms)
[04/Jan/2020:14:11:06 +0200] 0:0:0:0:0:0:0:1 "GET /h2console/tree_table.gif HTTP/1.1" 200 (16 ms)
[04/Jan/2020:14:11:06 +0200] 0:0:0:0:0:0:0:1 "GET /h2console/tree_column.gif HTTP/1.1" 200 (18 ms)
[04/Jan/2020:14:11:06 +0200] 0:0:0:0:0:0:0:1 "GET /h2console/tree_type.gif HTTP/1.1" 200 (12 ms)
[04/Jan/2020:14:11:06 +0200] 0:0:0:0:0:0:0:1 "GET /h2console/tree_index_az.gif HTTP/1.1" 200 (11 ms)
[04/Jan/2020:14:11:06 +0200] 0:0:0:0:0:0:0:1 "GET /h2console/tree_index.gif HTTP/1.1" 200 (10 ms)
[04/Jan/2020:14:11:06 +0200] 0:0:0:0:0:0:0:1 "GET /h2console/tree_folder.gif HTTP/1.1" 200 (18 ms)
[04/Jan/2020:14:11:06 +0200] 0:0:0:0:0:0:0:1 "GET /h2console/tree_sequence.gif HTTP/1.1" 200 (10 ms)
[04/Jan/2020:14:11:06 +0200] 0:0:0:0:0:0:0:1 "GET /h2console/tree_sequences.gif HTTP/1.1" 200 (16 ms)
[04/Jan/2020:14:11:06 +0200] 0:0:0:0:0:0:0:1 "GET /h2console/tree_users.gif HTTP/1.1" 200 (13 ms)
[04/Jan/2020:14:11:06 +0200] 0:0:0:0:0:0:0:1 "GET /h2console/tree_user.gif HTTP/1.1" 200 (14 ms)
[04/Jan/2020:14:11:06 +0200] 0:0:0:0:0:0:0:1 "GET /h2console/tree_info.gif HTTP/1.1" 200 (16 ms)
[04/Jan/2020:14:11:11 +0200] 0:0:0:0:0:0:0:1 "POST /h2console/query.do?jsessionid=1222663f1f761f3ae918a03917fa8e49 HTTP/1.1" 200 (26 ms)
[04/Jan/2020:14:11:12 +0200] 0:0:0:0:0:0:0:1 "GET /h2console/table.js HTTP/1.1" 200 (14 ms)
[04/Jan/2020:14:11:15 +0200] 0:0:0:0:0:0:0:1 "POST /h2console/query.do?jsessionid=1222663f1f761f3ae918a03917fa8e49 HTTP/1.1" 200 (7 ms)
[04/Jan/2020:14:11:15 +0200] 0:0:0:0:0:0:0:1 "GET /h2console/stylesheet.css HTTP/1.1" 304 (2 ms)
[04/Jan/2020:14:11:15 +0200] 0:0:0:0:0:0:0:1 "GET /h2console/ico_write.gif HTTP/1.1" 200 (12 ms)
[04/Jan/2020:14:11:15 +0200] 0:0:0:0:0:0:0:1 "GET /h2console/ico_remove.gif HTTP/1.1" 200 (11 ms)
[04/Jan/2020:14:11:15 +0200] 0:0:0:0:0:0:0:1 "GET /h2console/ico_add.gif HTTP/1.1" 200 (10 ms)
[04/Jan/2020:14:11:19 +0200] 0:0:0:0:0:0:0:1 "GET /h2console/ico_undo.gif HTTP/1.1" 200 (9 ms)
[04/Jan/2020:14:11:19 +0200] 0:0:0:0:0:0:0:1 "GET /h2console/ico_ok.gif HTTP/1.1" 200 (9 ms)
[04/Jan/2020:14:11:45 +0200] 0:0:0:0:0:0:0:1 "POST /h2console/editResult.do?jsessionid=1222663f1f761f3ae918a03917fa8e49 HTTP/1.1" 200 (10 ms)
[04/Jan/2020:14:11:45 +0200] 0:0:0:0:0:0:0:1 "GET /h2console/table.js HTTP/1.1" 304 (4 ms)
[04/Jan/2020:14:11:45 +0200] 0:0:0:0:0:0:0:1 "GET /h2console/stylesheet.css HTTP/1.1" 304 (5 ms)
[04/Jan/2020:14:11:45 +0200] 0:0:0:0:0:0:0:1 "GET /h2console/ico_write.gif HTTP/1.1" 304 (3 ms)
[04/Jan/2020:14:11:45 +0200] 0:0:0:0:0:0:0:1 "GET /h2console/ico_remove.gif HTTP/1.1" 304 (4 ms)
[04/Jan/2020:14:11:45 +0200] 0:0:0:0:0:0:0:1 "GET /h2console/ico_add.gif HTTP/1.1" 304 (1 ms)
[04/Jan/2020:14:14:32 +0200] 0:0:0:0:0:0:0:1 "GET /user/list HTTP/1.1" 200 (35 ms)
[04/Jan/2020:14:14:40 +0200] 0:0:0:0:0:0:0:1 "GET /user/ HTTP/1.1" 200 (51 ms)
[04/Jan/2020:14:14:43 +0200] 0:0:0:0:0:0:0:1 "GET /user/add-user HTTP/1.1" 200 (23 ms)
[04/Jan/2020:14:15:40 +0200] 0:0:0:0:0:0:0:1 "POST /user/add HTTP/1.1" 200 (70 ms)
[04/Jan/2020:14:15:58 +0200] 0:0:0:0:0:0:0:1 "POST /user/add HTTP/1.1" 302 (32 ms)
[04/Jan/2020:14:15:58 +0200] 0:0:0:0:0:0:0:1 "GET /user/list HTTP/1.1" 200 (23 ms)
[04/Jan/2020:14:54:11 +0200] 0:0:0:0:0:0:0:1 "GET /user/add-user HTTP/1.1" 200 (112 ms)
